Rietveld refinement to file(s) Qz_t02.xy
BGMN version 4.2.22, 3390 measured points, 27 peaks, 95 parameters
Start: Sun Feb  9 07:07:05 2025; End: Sun Feb  9 07:07:36 2025
100 iteration steps

Rp=16.83%  Rpb=27.46%  R=12.44%  Rwp=20.57% Rexp=18.86%
Durbin-Watson d=1.70
1-rho=4.20%

Global parameters and GOALs
****************************
QQuartz=1.00000
EPS2=-0.0000043+-0.0000063

Local parameters and GOALs for phase Quartz
******************************************************
SpacegroupNo=152
HermannMauguin=P3_121
XrayDensity=2.646
Rphase=2633.13%
UNIT=NM
A=0.491487+-0.000010
C=0.540646+-0.000018
k1=UNDEF
GEWICHT=SPHAR10, MeanValue(GEWICHT)=0.0316421
B1=ISOTROPIC=0
k2=ANISOSQR, MeanValue(k2)=0.000000657600, sqrt3(det(k2))=0.000000657040
Atomic positions for phase Quartz
---------------------------------------------
  3     0.4929  0.0000  0.3333     E=(SI(1.0000))
x=0+-28
TDS=0

  6     0.4279  0.2777  0.2200     E=(O(1.0000))
x=0+-21
y=0.3+-2.2
z=0+-63
TDS=0+-65

