Rietveld refinement to file(s) Mgt_t10.xy
BGMN version 4.2.22, 3390 measured points, 2713 peaks, 113 parameters
Start: Fri Feb  7 13:51:03 2025; End: Fri Feb  7 13:53:54 2025
82 iteration steps

Rp=3.69%  Rpb=63.60%  R=4.64%  Rwp=4.61% Rexp=4.29%
Durbin-Watson d=1.83
1-rho=14.0%

Global parameters and GOALs
****************************
Qsmectitedi2wfix=0.144+-0.031
QAndradite=0.0547+-0.0049
QCalcite=0.182+-0.013
QChlorite=0.116+-0.011
QMagnetite=0.310+-0.015
QTalc=0.163+-0.011
QQuartz=0.0316+-0.0027
EPS2=-0.000069+-0.000019

Local parameters and GOALs for phase smectitedi2w
******************************************************
SpacegroupNo=5
HermannMauguin=C121
XrayDensity=0.177
Rphase=4.65%
UNIT=NM
A=0.497000
B=1.11000
c0=1.4950+-0.0027
BETA=89.2+-5.3
b10=0
b1l=0
K20=0.000050+-0.000086
K2l=0.000372+-0.000099
pFE=0
ptrans=0
pCA=0.305+-0.044
GEWICHT=0.0050+-0.0012
Atomic positions for phase smectitedi2w
---------------------------------------------
  2     0.0000  0.0000  0.0000     E=(AL+3(0.0000),MG+2(0.0000),FE+3(0.0000))
  2     0.0000  0.6540  0.0000     E=(AL+3(0.9000),MG+2(0.1000),FE+3(0.0000))
  2     0.0000  0.3210  0.0000     E=(AL+3(0.9000),MG+2(0.1000),FE+3(0.0000))
  4     0.4320  0.3330  0.0182     E=(SI+4(0.9375),AL+3(0.0625))
  4     0.4320  0.6620  0.0182     E=(SI+4(0.9375),AL+3(0.0625))
  4     0.1730  0.7250  0.0225     E=(O-1(1.0000))
  4     0.1700  0.2680  0.0225     E=(O-1(1.0000))
  4     0.4170  0.6560  0.0073     E=(O-1(1.0000))
  4     0.3430  0.3470  0.0073     E=(O-1(1.0000))
  4     0.3340  0.9760  0.0071     E=(O-1(1.0000))
  4     0.4890  0.4960  0.0225     E=(O-1(1.0000))
  4     1.3645  0.1885  0.0500     E=(CA+2(0.3047))
  4     1.2352  0.3567  0.0593     E=(O-2(0.3047))
  4     1.4937  0.0203  0.0407     E=(O-2(0.3047))
  4     1.7482  0.1529  0.0593     E=(O-2(0.3047))
  4     0.9808  0.2241  0.0407     E=(O-2(0.3047))
  4     1.6314  0.3211  0.0407     E=(O-2(0.3047))
  4     1.0976  0.0559  0.0593     E=(O-2(0.3047))

Local parameters and GOALs for phase Andradite
******************************************************
SpacegroupNo=230
HermannMauguin=I4_1/a-32/d
XrayDensity=4.093
Rphase=5.20%
UNIT=NM
A=1.204507+-0.000091
B1=0.00055+-0.00031
GEWICHT=0.00190+-0.00015
Atomic positions for phase Andradite
---------------------------------------------
 24     0.1250  0.0000  0.2500     E=(FE(0.6400),CA(0.3600))
 16     0.0000  0.0000  0.0000     E=(FE(1.0000))
 24     0.3750  0.0000  0.2500     E=(SI(1.0000))
 96     0.0378  0.0498  0.6561     E=(O(1.0000))

Local parameters and GOALs for phase Calcite
******************************************************
SpacegroupNo=167
HermannMauguin=R-32/c
XrayDensity=2.717
Rphase=6.39%
UNIT=NM
A=0.49859+-0.00011
C=1.70477+-0.00034
k2=0.00000230+-0.00000038
B1=0
GEWICHT=SPHAR4, MeanValue(GEWICHT)=0.00629099
Atomic positions for phase Calcite
---------------------------------------------
  6     0.0000  0.0000  0.0000     E=(CA(1.0000))
TDS=0.0006+-0.0077

  6     0.0000  0.0000  0.2500     E=(C(1.0000))
TDS=0.0500000

 18     0.3070  0.0000  0.2500     E=(O(1.0000))
x=0.307000
TDS=0


Local parameters and GOALs for phase Chlorite
******************************************************
SpacegroupNo=1
HermannMauguin=C1
XrayDensity=2.638
Rphase=4.45%
UNIT=NM
A=0.53140+-0.00016
B=0.91254+-0.00025
C=2.86367+-0.00058
ALPHA=90.784+-0.035
BETA=97.888+-0.032
GAMMA=90.894+-0.031
k2=0
GEWICHT=0.00400+-0.00040
B1=ISOTROPIC=0.0000722912
Atomic positions for phase Chlorite
---------------------------------------------
  2     0.0000  0.0000  0.0000     E=(MG(1.0000))
  2     0.0070  0.3290  0.0020     E=(MG(1.0000))
  2     0.9870  0.6600  0.9960     E=(MG(1.0000))
  2     0.1640  0.1700  0.2500     E=(MG(1.0000))
  2     0.1800  0.5020  0.2500     E=(MG(1.0000))
  2     0.1760  0.8320  0.2500     E=(MG(1.0000))
  2     0.0210  0.9920  0.4980     E=(MG(1.0000))
  2     0.9840  0.3290  0.4960     E=(MG(1.0000))
  2     0.0150  0.6560  0.4970     E=(MG(1.0000))
  2     0.3380  0.0020  0.7500     E=(MG(1.0000))
  2     0.3450  0.3350  0.7500     E=(MG(1.0000))
  2     0.3480  0.6680  0.7500     E=(MG(1.0000))
  2     0.3360  0.3380  0.1520     E=(SI(1.0000))
  2     0.3390  0.6720  0.1540     E=(SI(1.0000))
  2     0.0040  0.0010  0.3480     E=(SI(1.0000))
  2     0.0060  0.6710  0.3440     E=(SI(1.0000))
  2     0.1700  0.1670  0.6560     E=(SI(1.0000))
  2     0.1700  0.8370  0.6530     E=(SI(1.0000))
  2     0.9920  0.0050  0.8440     E=(SI(1.0000))
  2     0.9920  0.6710  0.8450     E=(SI(1.0000))
  2     0.0980  0.7600  0.1320     E=(O(1.0000))
  2     0.5900  0.7300  0.1380     E=(O(1.0000))
  2     0.3220  0.5120  0.1380     E=(O(1.0000))
  2     0.3330  0.3330  0.2140     E=(O(1.0000))
  2     0.3330  0.6670  0.2140     E=(O(1.0000))
  2     0.2150  0.5700  0.3710     E=(O(1.0000))
  2     0.7390  0.6200  0.3580     E=(O(1.0000))
  2     0.5140  0.3160  0.3690     E=(O(1.0000))
  2     0.0000  0.0000  0.2860     E=(O(1.0000))
  2     0.0000  0.6670  0.2860     E=(O(1.0000))
  2     0.4100  0.7320  0.6400     E=(O(1.0000))
  2     0.9140  0.7580  0.6340     E=(O(1.0000))
  2     0.6780  0.5080  0.6400     E=(O(1.0000))
  2     0.1670  0.1670  0.7140     E=(O(1.0000))
  2     0.1670  0.8330  0.7140     E=(O(1.0000))
  2     0.2780  0.6210  0.8590     E=(O(1.0000))
  2     0.7780  0.5710  0.8720     E=(O(1.0000))
  2     0.4500  0.3280  0.8670     E=(O(1.0000))
  2     0.0000  0.0000  0.7860     E=(O(1.0000))
  2     0.0000  0.6670  0.7860     E=(O(1.0000))
  2     0.3860  0.0020  0.9670     E=(O(1.0000))
  2     0.3660  0.3470  0.9670     E=(O(1.0000))
  2     0.3780  0.6670  0.9670     E=(O(1.0000))
  2     0.1720  0.1550  0.0340     E=(O(1.0000))
  2     0.1560  0.5040  0.0340     E=(O(1.0000))
  2     0.1540  0.8260  0.0340     E=(O(1.0000))
  2     0.3330  0.0000  0.2140     E=(O(1.0000))
  2     0.0000  0.3330  0.2860     E=(O(1.0000))
  2     0.1680  0.1670  0.4670     E=(O(1.0000))
  2     0.1400  0.5050  0.4670     E=(O(1.0000))
  2     0.1660  0.8430  0.4670     E=(O(1.0000))
  2     0.3630  0.0020  0.5340     E=(O(1.0000))
  2     0.3710  0.3270  0.5340     E=(O(1.0000))
  2     0.3840  0.6480  0.5340     E=(O(1.0000))
  2     0.1670  0.5000  0.7140     E=(O(1.0000))
  2     0.0000  0.3330  0.7860     E=(O(1.0000))

Local parameters and GOALs for phase Magnetite
******************************************************
SpacegroupNo=227
HermannMauguin=F4_1/d-32/m
XrayDensity=5.199
Rphase=5.23%
UNIT=NM
A=0.839494+-0.000044
k2=0.00000046+-0.00000013
B1=0.00031+-0.00025
GEWICHT=SPHAR6, MeanValue(GEWICHT)=0.0107259
Atomic positions for phase Magnetite
---------------------------------------------
  8     0.1250  0.1250  0.1250     E=(FE(1.0000))
TDS=0

 16     0.5000  0.5000  0.5000     E=(FE(1.0000))
TDS=0.0400+-0.0050

 32     0.2549  0.2549  0.2549     E=(O(1.0000))
x=0.2549+-0.0015
TDS=0


Local parameters and GOALs for phase Talc
******************************************************
SpacegroupNo=2
HermannMauguin=C-1
XrayDensity=2.815
Rphase=5.16%
UNIT=NM
A=0.52472+-0.00039
B=0.91355+-0.00079
C=0.94440+-0.00040
ALPHA=89.056+-0.090
BETA=98.291+-0.089
GAMMA=92.909+-0.074
k2=0.0000071+-0.0000031
B1=0
GEWICHT=0.00566+-0.00040
Atomic positions for phase Talc
---------------------------------------------
  4     0.7190  0.6690  0.2030     E=(H(1.0000))
  2     0.0000  0.0000  0.0000     E=(MG(1.0000))
  4     0.5001  0.8333  0.9999     E=(MG(1.0000))
  4     0.1991  0.8344  0.1176     E=(O(1.0000))
  4     0.6970  0.6674  0.1126     E=(O(1.0000))
  4     0.1980  0.5012  0.1176     E=(O(1.0000))
  4     0.0199  0.9287  0.3481     E=(O(1.0000))
  4     0.5202  0.9109  0.3494     E=(O(1.0000))
  4     0.2429  0.6699  0.3484     E=(O(1.0000))
  4     0.2453  0.5026  0.2909     E=(SI(1.0000))
  4     0.2459  0.8359  0.2911     E=(SI(1.0000))

Local parameters and GOALs for phase Quartz
******************************************************
SpacegroupNo=152
HermannMauguin=P3_121
XrayDensity=2.657
Rphase=5.47%
UNIT=NM
A=0.488041+-0.000086
C=0.546006
k2=0.00000007+-0.00000012
B1=0
GEWICHT=0.001096+-0.000087
Atomic positions for phase Quartz
---------------------------------------------
  6     0.4322  0.2168  0.1942     E=(O(1.0000))
x=0.432+-0.025
y=0.216800
z=0.194+-0.066

  3     0.4712  0.0000  0.3333     E=(SI(1.0000))
x=0.471+-0.060

