Rietveld refinement to file(s) Mgt_t02.xy
BGMN version 4.2.22, 3390 measured points, 2713 peaks, 104 parameters
Start: Fri Feb  7 13:38:44 2025; End: Fri Feb  7 13:40:28 2025
49 iteration steps

Rp=8.02%  Rpb=71.64%  R=9.97%  Rwp=10.02% Rexp=9.97%
Durbin-Watson d=1.95
1-rho=40.4%

Global parameters and GOALs
****************************
Qsmectitedi2wfix=0.378+-0.085
QAndradite=0.045+-0.012
QCalcite=0.156+-0.025
QChlorite=0.093+-0.025
QMagnetite=0.189+-0.029
QTalc=0.104+-0.017
QQuartz=0.0343+-0.0080
EPS2=-0.000087+-0.000039

Local parameters and GOALs for phase smectitedi2w
******************************************************
SpacegroupNo=5
HermannMauguin=C121
XrayDensity=0.165
Rphase=10.94%
UNIT=NM
A=0.5035+-0.0026
B=1.0333+-0.0047
c0=1.534+-0.036
BETA=85.3+-4.6
b10=0.0136+-0.0091
b1l=0.094+-0.045
K20=0
K2l=0.0004+-0.0058
pFE=0
ptrans=0.35+-0.22
pCA=0.13+-0.20
GEWICHT=0.0036+-0.0013
Atomic positions for phase smectitedi2w
---------------------------------------------
  2     0.0000  0.0000  0.0000     E=(AL+3(0.3190),MG+2(0.0354),FE+3(0.0000))
  2     0.0000  0.6540  0.0000     E=(AL+3(0.5810),MG+2(0.0646),FE+3(0.0000))
  2     0.0000  0.3210  0.0000     E=(AL+3(0.9000),MG+2(0.1000),FE+3(0.0000))
  4     0.4320  0.3330  0.0177     E=(SI+4(0.9375),AL+3(0.0625))
  4     0.4320  0.6620  0.0177     E=(SI+4(0.9375),AL+3(0.0625))
  4     0.1730  0.7250  0.0219     E=(O-1(1.0000))
  4     0.1700  0.2680  0.0219     E=(O-1(1.0000))
  4     0.4170  0.6560  0.0071     E=(O-1(1.0000))
  4     0.3430  0.3470  0.0071     E=(O-1(1.0000))
  4     0.3340  0.9760  0.0069     E=(O-1(1.0000))
  4     0.4890  0.4960  0.0219     E=(O-1(1.0000))
  4     1.2427  0.2025  0.0500     E=(CA+2(0.1344))
  4     1.0963  0.3831  0.0591     E=(O-2(0.1344))
  4     1.3892  0.0218  0.0409     E=(O-2(0.1344))
  4     1.6027  0.1642  0.0591     E=(O-2(0.1344))
  4     0.8828  0.2407  0.0409     E=(O-2(0.1344))
  4     1.5251  0.3449  0.0409     E=(O-2(0.1344))
  4     0.9604  0.0600  0.0591     E=(O-2(0.1344))

Local parameters and GOALs for phase Andradite
******************************************************
SpacegroupNo=230
HermannMauguin=I4_1/a-32/d
XrayDensity=4.095
Rphase=9.40%
UNIT=NM
A=1.20427+-0.00042
B1=0.0034+-0.0022
GEWICHT=0.000436+-0.000099
Atomic positions for phase Andradite
---------------------------------------------
 24     0.1250  0.0000  0.2500     E=(FE(0.6400),CA(0.3600))
 16     0.0000  0.0000  0.0000     E=(FE(1.0000))
 24     0.3750  0.0000  0.2500     E=(SI(1.0000))
 96     0.0378  0.0498  0.6561     E=(O(1.0000))

Local parameters and GOALs for phase Calcite
******************************************************
SpacegroupNo=167
HermannMauguin=R-32/c
XrayDensity=2.719
Rphase=9.25%
UNIT=NM
A=0.49771+-0.00014
C=1.70926+-0.00056
k2=0.00000063+-0.00000029
B1=0
GEWICHT=SPHAR2, MeanValue(GEWICHT)=0.00149528
Atomic positions for phase Calcite
---------------------------------------------
  6     0.0000  0.0000  0.0000     E=(CA(1.0000))
TDS=0.058+-0.021

  6     0.0000  0.0000  0.2500     E=(C(1.0000))
TDS=0.0500000

 18     0.2687  0.0000  0.2500     E=(O(1.0000))
x=0.2687+-0.0092
TDS=0


Local parameters and GOALs for phase Chlorite
******************************************************
SpacegroupNo=1
HermannMauguin=C1
XrayDensity=2.598
Rphase=10.19%
UNIT=NM
A=0.538835
B=0.910760
C=2.8933+-0.0065
ALPHA=90.9000
BETA=100.36+-0.62
GAMMA=89.1000
k2=0.000019+-0.000023
GEWICHT=0.00090+-0.00022
B1=ISOTROPIC=0
Atomic positions for phase Chlorite
---------------------------------------------
  2     0.0000  0.0000  0.0000     E=(MG(1.0000))
  2     0.0070  0.3290  0.0020     E=(MG(1.0000))
  2     0.9870  0.6600  0.9960     E=(MG(1.0000))
  2     0.1640  0.1700  0.2500     E=(MG(1.0000))
  2     0.1800  0.5020  0.2500     E=(MG(1.0000))
  2     0.1760  0.8320  0.2500     E=(MG(1.0000))
  2     0.0210  0.9920  0.4980     E=(MG(1.0000))
  2     0.9840  0.3290  0.4960     E=(MG(1.0000))
  2     0.0150  0.6560  0.4970     E=(MG(1.0000))
  2     0.3380  0.0020  0.7500     E=(MG(1.0000))
  2     0.3450  0.3350  0.7500     E=(MG(1.0000))
  2     0.3480  0.6680  0.7500     E=(MG(1.0000))
  2     0.3360  0.3380  0.1520     E=(SI(1.0000))
  2     0.3390  0.6720  0.1540     E=(SI(1.0000))
  2     0.0040  0.0010  0.3480     E=(SI(1.0000))
  2     0.0060  0.6710  0.3440     E=(SI(1.0000))
  2     0.1700  0.1670  0.6560     E=(SI(1.0000))
  2     0.1700  0.8370  0.6530     E=(SI(1.0000))
  2     0.9920  0.0050  0.8440     E=(SI(1.0000))
  2     0.9920  0.6710  0.8450     E=(SI(1.0000))
  2     0.0980  0.7600  0.1320     E=(O(1.0000))
  2     0.5900  0.7300  0.1380     E=(O(1.0000))
  2     0.3220  0.5120  0.1380     E=(O(1.0000))
  2     0.3330  0.3330  0.2140     E=(O(1.0000))
  2     0.3330  0.6670  0.2140     E=(O(1.0000))
  2     0.2150  0.5700  0.3710     E=(O(1.0000))
  2     0.7390  0.6200  0.3580     E=(O(1.0000))
  2     0.5140  0.3160  0.3690     E=(O(1.0000))
  2     0.0000  0.0000  0.2860     E=(O(1.0000))
  2     0.0000  0.6670  0.2860     E=(O(1.0000))
  2     0.4100  0.7320  0.6400     E=(O(1.0000))
  2     0.9140  0.7580  0.6340     E=(O(1.0000))
  2     0.6780  0.5080  0.6400     E=(O(1.0000))
  2     0.1670  0.1670  0.7140     E=(O(1.0000))
  2     0.1670  0.8330  0.7140     E=(O(1.0000))
  2     0.2780  0.6210  0.8590     E=(O(1.0000))
  2     0.7780  0.5710  0.8720     E=(O(1.0000))
  2     0.4500  0.3280  0.8670     E=(O(1.0000))
  2     0.0000  0.0000  0.7860     E=(O(1.0000))
  2     0.0000  0.6670  0.7860     E=(O(1.0000))
  2     0.3860  0.0020  0.9670     E=(O(1.0000))
  2     0.3660  0.3470  0.9670     E=(O(1.0000))
  2     0.3780  0.6670  0.9670     E=(O(1.0000))
  2     0.1720  0.1550  0.0340     E=(O(1.0000))
  2     0.1560  0.5040  0.0340     E=(O(1.0000))
  2     0.1540  0.8260  0.0340     E=(O(1.0000))
  2     0.3330  0.0000  0.2140     E=(O(1.0000))
  2     0.0000  0.3330  0.2860     E=(O(1.0000))
  2     0.1680  0.1670  0.4670     E=(O(1.0000))
  2     0.1400  0.5050  0.4670     E=(O(1.0000))
  2     0.1660  0.8430  0.4670     E=(O(1.0000))
  2     0.3630  0.0020  0.5340     E=(O(1.0000))
  2     0.3710  0.3270  0.5340     E=(O(1.0000))
  2     0.3840  0.6480  0.5340     E=(O(1.0000))
  2     0.1670  0.5000  0.7140     E=(O(1.0000))
  2     0.0000  0.3330  0.7860     E=(O(1.0000))

Local parameters and GOALs for phase Magnetite
******************************************************
SpacegroupNo=227
HermannMauguin=F4_1/d-32/m
XrayDensity=5.197
Rphase=8.57%
UNIT=NM
A=0.839554+-0.000091
k2=0.00000059+-0.00000012
B1=0
GEWICHT=SPHAR6, MeanValue(GEWICHT)=0.00181176
Atomic positions for phase Magnetite
---------------------------------------------
  8     0.1250  0.1250  0.1250     E=(FE(1.0000))
TDS=0

 16     0.5000  0.5000  0.5000     E=(FE(1.0000))
TDS=0.0275+-0.0096

 32     0.2571  0.2571  0.2571     E=(O(1.0000))
x=0.2571+-0.0035
TDS=0


Local parameters and GOALs for phase Talc
******************************************************
SpacegroupNo=2
HermannMauguin=C-1
XrayDensity=2.831
Rphase=10.13%
UNIT=NM
A=0.52433+-0.00018
B=0.90886+-0.00031
C=0.94429+-0.00023
ALPHA=91.3646
BETA=97.432+-0.032
GAMMA=94.067+-0.027
k2=0
B1=0
GEWICHT=0.00100+-0.00011
Atomic positions for phase Talc
---------------------------------------------
  4     0.7190  0.6690  0.2030     E=(H(1.0000))
  2     0.0000  0.0000  0.0000     E=(MG(1.0000))
  4     0.5001  0.8333  0.9999     E=(MG(1.0000))
  4     0.1991  0.8344  0.1176     E=(O(1.0000))
  4     0.6970  0.6674  0.1126     E=(O(1.0000))
  4     0.1980  0.5012  0.1176     E=(O(1.0000))
  4     0.0199  0.9287  0.3481     E=(O(1.0000))
  4     0.5202  0.9109  0.3494     E=(O(1.0000))
  4     0.2429  0.6699  0.3484     E=(O(1.0000))
  4     0.2453  0.5026  0.2909     E=(SI(1.0000))
  4     0.2459  0.8359  0.2911     E=(SI(1.0000))

Local parameters and GOALs for phase Quartz
******************************************************
SpacegroupNo=152
HermannMauguin=P3_121
XrayDensity=2.656
Rphase=8.08%
UNIT=NM
A=0.48990+-0.00038
C=0.54222+-0.00068
k2=0
B1=0.00090+-0.00075
GEWICHT=0.000329+-0.000069
Atomic positions for phase Quartz
---------------------------------------------
  6     0.4403  0.2195  0.1640     E=(O(1.0000))
x=0.440+-0.038
y=0.22+-0.99
z=0.164000

  3     0.5047  0.0000  0.3333     E=(SI(1.0000))
x=0.50+-0.55

