Rietveld refinement to file(s) Mgt_t05.xy
BGMN version 4.2.22, 3390 measured points, 2713 peaks, 113 parameters
Start: Fri Feb  7 13:49:03 2025; End: Fri Feb  7 13:51:02 2025
57 iteration steps

Rp=5.24%  Rpb=61.83%  R=6.57%  Rwp=6.55% Rexp=6.12%
Durbin-Watson d=1.81
1-rho=23.7%

Global parameters and GOALs
****************************
Qsmectitedi2wfix=0.360+-0.045
QAndradite=0.0399+-0.0057
QCalcite=0.135+-0.017
QChlorite=0.100+-0.012
QMagnetite=0.220+-0.018
QTalc=0.112+-0.013
QQuartz=0.0321+-0.0036
EPS2=-0.000081+-0.000025

Local parameters and GOALs for phase smectitedi2w
******************************************************
SpacegroupNo=5
HermannMauguin=C121
XrayDensity=0.156
Rphase=7.43%
UNIT=NM
A=0.497000
B=1.1030+-0.0065
c0=1.500+-0.021
BETA=86.4+-4.2
b10=0.0150000
b1l=0.085+-0.030
K20=0.000200000
K2l=0.0002+-0.0031
pFE=0
ptrans=0.11+-0.18
pCA=0.10+-0.13
GEWICHT=0.0079+-0.0015
Atomic positions for phase smectitedi2w
---------------------------------------------
  2     0.0000  0.0000  0.0000     E=(AL+3(0.0991),MG+2(0.0110),FE+3(0.0000))
  2     0.0000  0.6540  0.0000     E=(AL+3(0.8009),MG+2(0.0890),FE+3(0.0000))
  2     0.0000  0.3210  0.0000     E=(AL+3(0.9000),MG+2(0.1000),FE+3(0.0000))
  4     0.4320  0.3330  0.0181     E=(SI+4(0.9375),AL+3(0.0625))
  4     0.4320  0.6620  0.0181     E=(SI+4(0.9375),AL+3(0.0625))
  4     0.1730  0.7250  0.0224     E=(O-1(1.0000))
  4     0.1700  0.2680  0.0224     E=(O-1(1.0000))
  4     0.4170  0.6560  0.0073     E=(O-1(1.0000))
  4     0.3430  0.3470  0.0073     E=(O-1(1.0000))
  4     0.3340  0.9760  0.0070     E=(O-1(1.0000))
  4     0.4890  0.4960  0.0224     E=(O-1(1.0000))
  4     1.2916  0.1897  0.0500     E=(CA+2(0.0988))
  4     1.1488  0.3589  0.0593     E=(O-2(0.0988))
  4     1.4344  0.0204  0.0407     E=(O-2(0.0988))
  4     1.6618  0.1539  0.0593     E=(O-2(0.0988))
  4     0.9214  0.2255  0.0407     E=(O-2(0.0988))
  4     1.5720  0.3231  0.0407     E=(O-2(0.0988))
  4     1.0111  0.0562  0.0593     E=(O-2(0.0988))

Local parameters and GOALs for phase Andradite
******************************************************
SpacegroupNo=230
HermannMauguin=I4_1/a-32/d
XrayDensity=4.092
Rphase=7.09%
UNIT=NM
A=1.20460+-0.00014
B1=0.00076+-0.00054
GEWICHT=0.00087+-0.00011
Atomic positions for phase Andradite
---------------------------------------------
 24     0.1250  0.0000  0.2500     E=(FE(0.6400),CA(0.3600))
 16     0.0000  0.0000  0.0000     E=(FE(1.0000))
 24     0.3750  0.0000  0.2500     E=(SI(1.0000))
 96     0.0378  0.0498  0.6561     E=(O(1.0000))

Local parameters and GOALs for phase Calcite
******************************************************
SpacegroupNo=167
HermannMauguin=R-32/c
XrayDensity=2.714
Rphase=7.73%
UNIT=NM
A=0.49881+-0.00012
C=1.70508+-0.00038
k2=0.00000106+-0.00000025
B1=0
GEWICHT=SPHAR4, MeanValue(GEWICHT)=0.00294949
Atomic positions for phase Calcite
---------------------------------------------
  6     0.0000  0.0000  0.0000     E=(CA(1.0000))
TDS=0.013+-0.012

  6     0.0000  0.0000  0.2500     E=(C(1.0000))
TDS=0.041+-0.058

 18     0.3070  0.0000  0.2500     E=(O(1.0000))
x=0.307000
TDS=0


Local parameters and GOALs for phase Chlorite
******************************************************
SpacegroupNo=1
HermannMauguin=C1
XrayDensity=2.601
Rphase=6.83%
UNIT=NM
A=0.53859+-0.00018
B=0.91229+-0.00033
C=2.85424+-0.00065
ALPHA=90.854+-0.040
BETA=96.029+-0.038
GAMMA=90.197+-0.031
k2=0
GEWICHT=0.00219+-0.00023
B1=ISOTROPIC=0
Atomic positions for phase Chlorite
---------------------------------------------
  2     0.0000  0.0000  0.0000     E=(MG(1.0000))
  2     0.0070  0.3290  0.0020     E=(MG(1.0000))
  2     0.9870  0.6600  0.9960     E=(MG(1.0000))
  2     0.1640  0.1700  0.2500     E=(MG(1.0000))
  2     0.1800  0.5020  0.2500     E=(MG(1.0000))
  2     0.1760  0.8320  0.2500     E=(MG(1.0000))
  2     0.0210  0.9920  0.4980     E=(MG(1.0000))
  2     0.9840  0.3290  0.4960     E=(MG(1.0000))
  2     0.0150  0.6560  0.4970     E=(MG(1.0000))
  2     0.3380  0.0020  0.7500     E=(MG(1.0000))
  2     0.3450  0.3350  0.7500     E=(MG(1.0000))
  2     0.3480  0.6680  0.7500     E=(MG(1.0000))
  2     0.3360  0.3380  0.1520     E=(SI(1.0000))
  2     0.3390  0.6720  0.1540     E=(SI(1.0000))
  2     0.0040  0.0010  0.3480     E=(SI(1.0000))
  2     0.0060  0.6710  0.3440     E=(SI(1.0000))
  2     0.1700  0.1670  0.6560     E=(SI(1.0000))
  2     0.1700  0.8370  0.6530     E=(SI(1.0000))
  2     0.9920  0.0050  0.8440     E=(SI(1.0000))
  2     0.9920  0.6710  0.8450     E=(SI(1.0000))
  2     0.0980  0.7600  0.1320     E=(O(1.0000))
  2     0.5900  0.7300  0.1380     E=(O(1.0000))
  2     0.3220  0.5120  0.1380     E=(O(1.0000))
  2     0.3330  0.3330  0.2140     E=(O(1.0000))
  2     0.3330  0.6670  0.2140     E=(O(1.0000))
  2     0.2150  0.5700  0.3710     E=(O(1.0000))
  2     0.7390  0.6200  0.3580     E=(O(1.0000))
  2     0.5140  0.3160  0.3690     E=(O(1.0000))
  2     0.0000  0.0000  0.2860     E=(O(1.0000))
  2     0.0000  0.6670  0.2860     E=(O(1.0000))
  2     0.4100  0.7320  0.6400     E=(O(1.0000))
  2     0.9140  0.7580  0.6340     E=(O(1.0000))
  2     0.6780  0.5080  0.6400     E=(O(1.0000))
  2     0.1670  0.1670  0.7140     E=(O(1.0000))
  2     0.1670  0.8330  0.7140     E=(O(1.0000))
  2     0.2780  0.6210  0.8590     E=(O(1.0000))
  2     0.7780  0.5710  0.8720     E=(O(1.0000))
  2     0.4500  0.3280  0.8670     E=(O(1.0000))
  2     0.0000  0.0000  0.7860     E=(O(1.0000))
  2     0.0000  0.6670  0.7860     E=(O(1.0000))
  2     0.3860  0.0020  0.9670     E=(O(1.0000))
  2     0.3660  0.3470  0.9670     E=(O(1.0000))
  2     0.3780  0.6670  0.9670     E=(O(1.0000))
  2     0.1720  0.1550  0.0340     E=(O(1.0000))
  2     0.1560  0.5040  0.0340     E=(O(1.0000))
  2     0.1540  0.8260  0.0340     E=(O(1.0000))
  2     0.3330  0.0000  0.2140     E=(O(1.0000))
  2     0.0000  0.3330  0.2860     E=(O(1.0000))
  2     0.1680  0.1670  0.4670     E=(O(1.0000))
  2     0.1400  0.5050  0.4670     E=(O(1.0000))
  2     0.1660  0.8430  0.4670     E=(O(1.0000))
  2     0.3630  0.0020  0.5340     E=(O(1.0000))
  2     0.3710  0.3270  0.5340     E=(O(1.0000))
  2     0.3840  0.6480  0.5340     E=(O(1.0000))
  2     0.1670  0.5000  0.7140     E=(O(1.0000))
  2     0.0000  0.3330  0.7860     E=(O(1.0000))

Local parameters and GOALs for phase Magnetite
******************************************************
SpacegroupNo=227
HermannMauguin=F4_1/d-32/m
XrayDensity=5.198
Rphase=6.14%
UNIT=NM
A=0.839529+-0.000058
k2=0.00000060+-0.00000021
B1=0.00007+-0.00038
GEWICHT=SPHAR6, MeanValue(GEWICHT)=0.00481600
Atomic positions for phase Magnetite
---------------------------------------------
  8     0.1250  0.1250  0.1250     E=(FE(1.0000))
TDS=0

 16     0.5000  0.5000  0.5000     E=(FE(1.0000))
TDS=0.0208+-0.0057

 32     0.2498  0.2498  0.2498     E=(O(1.0000))
x=0.2498+-0.0019
TDS=0


Local parameters and GOALs for phase Talc
******************************************************
SpacegroupNo=2
HermannMauguin=C-1
XrayDensity=2.857
Rphase=6.63%
UNIT=NM
A=0.51971+-0.00015
B=0.90865+-0.00027
C=0.94409+-0.00020
ALPHA=90.716+-0.031
BETA=98.109+-0.028
GAMMA=92.547+-0.026
k2=0
B1=0.00037+-0.00045
GEWICHT=0.00245+-0.00025
Atomic positions for phase Talc
---------------------------------------------
  4     0.7190  0.6690  0.2030     E=(H(1.0000))
  2     0.0000  0.0000  0.0000     E=(MG(1.0000))
  4     0.5001  0.8333  0.9999     E=(MG(1.0000))
  4     0.1991  0.8344  0.1176     E=(O(1.0000))
  4     0.6970  0.6674  0.1126     E=(O(1.0000))
  4     0.1980  0.5012  0.1176     E=(O(1.0000))
  4     0.0199  0.9287  0.3481     E=(O(1.0000))
  4     0.5202  0.9109  0.3494     E=(O(1.0000))
  4     0.2429  0.6699  0.3484     E=(O(1.0000))
  4     0.2453  0.5026  0.2909     E=(SI(1.0000))
  4     0.2459  0.8359  0.2911     E=(SI(1.0000))

Local parameters and GOALs for phase Quartz
******************************************************
SpacegroupNo=152
HermannMauguin=P3_121
XrayDensity=2.658
Rphase=5.75%
UNIT=NM
A=0.48799+-0.00018
C=0.54600+-0.00035
k2=0.00000004+-0.00000011
B1=0
GEWICHT=0.000702+-0.000065
Atomic positions for phase Quartz
---------------------------------------------
  6     0.4358  0.3168  0.1640     E=(O(1.0000))
x=0.436+-0.031
y=0.316800
z=0.164000

  3     0.4199  0.0000  0.3333     E=(SI(1.0000))
x=0.419900

