Rietveld refinement to file(s) Mgt_t25.xy
BGMN version 4.2.22, 3390 measured points, 2713 peaks, 140 parameters
Start: Fri Feb  7 14:01:27 2025; End: Fri Feb  7 14:07:26 2025
156 iteration steps

Rp=2.43%  Rpb=53.07%  R=3.21%  Rwp=3.11% Rexp=2.70%
Durbin-Watson d=1.62
1-rho=7.32%

Global parameters and GOALs
****************************
Qsmectitedi2wfix=0.068+-0.023
QCalcite=0.202+-0.011
QMagnetite=0.322+-0.012
QChlorite=0.1432+-0.0097
QAndradite=0.0559+-0.0045
QTalc=0.1643+-0.0087
QQuartz=0.0447+-0.0027
EPS2=-0.000105+-0.000014

Local parameters and GOALs for phase smectitedi2w
******************************************************
SpacegroupNo=5
HermannMauguin=C121
XrayDensity=0.183
Rphase=3.80%
UNIT=NM
A=0.5048+-0.0050
B=1.0717+-0.0047
c0=1.510+-0.036
BETA=83+-11
b10=0.00552+-0.00071
b1l=0
K20=0
K2l=0
pFE=0.60+-0.55
ptrans=0
pCA=0.197+-0.075
GEWICHT=0.0054+-0.0019
Atomic positions for phase smectitedi2w
---------------------------------------------
  2     0.0000  0.0000  0.0000     E=(AL+3(0.0000),MG+2(0.0000),FE+3(0.0000))
  2     0.0000  0.6540  0.0000     E=(AL+3(0.3012),MG+2(0.1000),FE+3(0.5988))
  2     0.0000  0.3210  0.0000     E=(AL+3(0.3012),MG+2(0.1000),FE+3(0.5988))
  4     0.4320  0.3330  0.0180     E=(SI+4(0.9375),AL+3(0.0625))
  4     0.4320  0.6620  0.0180     E=(SI+4(0.9375),AL+3(0.0625))
  4     0.1730  0.7250  0.0223     E=(O-1(1.0000))
  4     0.1700  0.2680  0.0223     E=(O-1(1.0000))
  4     0.4170  0.6560  0.0073     E=(O-1(1.0000))
  4     0.3430  0.3470  0.0073     E=(O-1(1.0000))
  4     0.3340  0.9760  0.0070     E=(O-1(1.0000))
  4     0.4890  0.4960  0.0223     E=(O-1(1.0000))
  4     1.1817  0.1952  0.0500     E=(CA+2(0.1974))
  4     1.0244  0.3694  0.0593     E=(O-2(0.1974))
  4     1.3390  0.0210  0.0407     E=(O-2(0.1974))
  4     1.5295  0.1583  0.0593     E=(O-2(0.1974))
  4     0.8339  0.2321  0.0407     E=(O-2(0.1974))
  4     1.4745  0.3325  0.0407     E=(O-2(0.1974))
  4     0.8889  0.0579  0.0593     E=(O-2(0.1974))

Local parameters and GOALs for phase Calcite
******************************************************
SpacegroupNo=167
HermannMauguin=R-32/c
XrayDensity=2.714
Rphase=6.30%
UNIT=NM
A=0.498993+-0.000062
C=1.70412+-0.00017
k2=0.00000186+-0.00000020
B1=0
GEWICHT=SPHAR6, MeanValue(GEWICHT)=0.0159356
Atomic positions for phase Calcite
---------------------------------------------
  6     0.0000  0.0000  0.0000     E=(CA(1.0000))
TDS=0

  6     0.0000  0.0000  0.2500     E=(C(1.0000))
TDS=0.0500000

 18     0.2481  0.0000  0.2500     E=(O(1.0000))
x=0.2481+-0.0090
TDS=0.0319+-0.0099


Local parameters and GOALs for phase Magnetite
******************************************************
SpacegroupNo=227
HermannMauguin=F4_1/d-32/m
XrayDensity=5.197
Rphase=4.08%
UNIT=NM
A=0.839586+-0.000032
k2=0.00000070+-0.00000012
B1=0.00003+-0.00020
GEWICHT=SPHAR6, MeanValue(GEWICHT)=0.0254568
Atomic positions for phase Magnetite
---------------------------------------------
  8     0.1250  0.1250  0.1250     E=(FE(1.0000))
TDS=0

 16     0.5000  0.5000  0.5000     E=(FE(1.0000))
TDS=0.0279+-0.0028

 32     0.2528  0.2528  0.2528     E=(O(1.0000))
x=0.2528+-0.0010
TDS=0


Local parameters and GOALs for phase Chlorite
******************************************************
SpacegroupNo=1
HermannMauguin=C1
XrayDensity=2.606
Rphase=3.18%
UNIT=NM
A=0.53724+-0.00019
B=0.91296+-0.00032
C=2.85628+-0.00060
ALPHA=90.344+-0.039
BETA=96.385+-0.041
GAMMA=90.897+-0.034
k2=0
GEWICHT=0.01131+-0.00080
B1=ISOTROPIC=0.000848309
Atomic positions for phase Chlorite
---------------------------------------------
  2     0.0000  0.0000  0.0000     E=(MG(1.0000))
  2     0.0070  0.3290  0.0020     E=(MG(1.0000))
  2     0.9870  0.6600  0.9960     E=(MG(1.0000))
  2     0.1640  0.1700  0.2500     E=(MG(1.0000))
  2     0.1800  0.5020  0.2500     E=(MG(1.0000))
  2     0.1760  0.8320  0.2500     E=(MG(1.0000))
  2     0.0210  0.9920  0.4980     E=(MG(1.0000))
  2     0.9840  0.3290  0.4960     E=(MG(1.0000))
  2     0.0150  0.6560  0.4970     E=(MG(1.0000))
  2     0.3380  0.0020  0.7500     E=(MG(1.0000))
  2     0.3450  0.3350  0.7500     E=(MG(1.0000))
  2     0.3480  0.6680  0.7500     E=(MG(1.0000))
  2     0.3360  0.3380  0.1520     E=(SI(1.0000))
  2     0.3390  0.6720  0.1540     E=(SI(1.0000))
  2     0.0040  0.0010  0.3480     E=(SI(1.0000))
  2     0.0060  0.6710  0.3440     E=(SI(1.0000))
  2     0.1700  0.1670  0.6560     E=(SI(1.0000))
  2     0.1700  0.8370  0.6530     E=(SI(1.0000))
  2     0.9920  0.0050  0.8440     E=(SI(1.0000))
  2     0.9920  0.6710  0.8450     E=(SI(1.0000))
  2     0.0980  0.7600  0.1320     E=(O(1.0000))
  2     0.5900  0.7300  0.1380     E=(O(1.0000))
  2     0.3220  0.5120  0.1380     E=(O(1.0000))
  2     0.3330  0.3330  0.2140     E=(O(1.0000))
  2     0.3330  0.6670  0.2140     E=(O(1.0000))
  2     0.2150  0.5700  0.3710     E=(O(1.0000))
  2     0.7390  0.6200  0.3580     E=(O(1.0000))
  2     0.5140  0.3160  0.3690     E=(O(1.0000))
  2     0.0000  0.0000  0.2860     E=(O(1.0000))
  2     0.0000  0.6670  0.2860     E=(O(1.0000))
  2     0.4100  0.7320  0.6400     E=(O(1.0000))
  2     0.9140  0.7580  0.6340     E=(O(1.0000))
  2     0.6780  0.5080  0.6400     E=(O(1.0000))
  2     0.1670  0.1670  0.7140     E=(O(1.0000))
  2     0.1670  0.8330  0.7140     E=(O(1.0000))
  2     0.2780  0.6210  0.8590     E=(O(1.0000))
  2     0.7780  0.5710  0.8720     E=(O(1.0000))
  2     0.4500  0.3280  0.8670     E=(O(1.0000))
  2     0.0000  0.0000  0.7860     E=(O(1.0000))
  2     0.0000  0.6670  0.7860     E=(O(1.0000))
  2     0.3860  0.0020  0.9670     E=(O(1.0000))
  2     0.3660  0.3470  0.9670     E=(O(1.0000))
  2     0.3780  0.6670  0.9670     E=(O(1.0000))
  2     0.1720  0.1550  0.0340     E=(O(1.0000))
  2     0.1560  0.5040  0.0340     E=(O(1.0000))
  2     0.1540  0.8260  0.0340     E=(O(1.0000))
  2     0.3330  0.0000  0.2140     E=(O(1.0000))
  2     0.0000  0.3330  0.2860     E=(O(1.0000))
  2     0.1680  0.1670  0.4670     E=(O(1.0000))
  2     0.1400  0.5050  0.4670     E=(O(1.0000))
  2     0.1660  0.8430  0.4670     E=(O(1.0000))
  2     0.3630  0.0020  0.5340     E=(O(1.0000))
  2     0.3710  0.3270  0.5340     E=(O(1.0000))
  2     0.3840  0.6480  0.5340     E=(O(1.0000))
  2     0.1670  0.5000  0.7140     E=(O(1.0000))
  2     0.0000  0.3330  0.7860     E=(O(1.0000))

Local parameters and GOALs for phase Andradite
******************************************************
SpacegroupNo=230
HermannMauguin=I4_1/a-32/d
XrayDensity=4.092
Rphase=4.22%
UNIT=NM
A=1.204641+-0.000099
B1=0.00177+-0.00046
GEWICHT=SPHAR4, MeanValue(GEWICHT)=0.00441569
Atomic positions for phase Andradite
---------------------------------------------
 24     0.1250  0.0000  0.2500     E=(FE(0.6400),CA(0.3600))
 16     0.0000  0.0000  0.0000     E=(FE(1.0000))
 24     0.3750  0.0000  0.2500     E=(SI(1.0000))
 96     0.0378  0.0498  0.6561     E=(O(1.0000))

Local parameters and GOALs for phase Talc
******************************************************
SpacegroupNo=2
HermannMauguin=C-1
XrayDensity=2.832
Rphase=4.13%
UNIT=NM
A=0.52035+-0.00031
B=0.91469+-0.00063
C=0.94320+-0.00031
ALPHA=90.830+-0.077
BETA=97.562+-0.073
GAMMA=91.825+-0.060
k2=0.0000096+-0.0000029
B1=0
GEWICHT=0.01298+-0.00067
Atomic positions for phase Talc
---------------------------------------------
  4     0.7190  0.6690  0.2030     E=(H(1.0000))
  2     0.0000  0.0000  0.0000     E=(MG(1.0000))
  4     0.5001  0.8333  0.9999     E=(MG(1.0000))
  4     0.1991  0.8344  0.1176     E=(O(1.0000))
  4     0.6970  0.6674  0.1126     E=(O(1.0000))
  4     0.1980  0.5012  0.1176     E=(O(1.0000))
  4     0.0199  0.9287  0.3481     E=(O(1.0000))
  4     0.5202  0.9109  0.3494     E=(O(1.0000))
  4     0.2429  0.6699  0.3484     E=(O(1.0000))
  4     0.2453  0.5026  0.2909     E=(SI(1.0000))
  4     0.2459  0.8359  0.2911     E=(SI(1.0000))

Local parameters and GOALs for phase Quartz
******************************************************
SpacegroupNo=152
HermannMauguin=P3_121
XrayDensity=2.652
Rphase=3.31%
UNIT=NM
A=0.49143+-0.00010
C=0.53970+-0.00021
k2=0.00000051+-0.00000020
B1=0
GEWICHT=0.00353+-0.00019
Atomic positions for phase Quartz
---------------------------------------------
  6     0.3999  0.3168  0.1640     E=(O(1.0000))
x=0.400+-0.015
y=0.316800
z=0.164000

  3     0.4998  0.0000  0.3333     E=(SI(1.0000))
x=0.500+-0.021

