Rietveld refinement to file(s) Mgt_t15.xy
BGMN version 4.2.22, 3390 measured points, 2713 peaks, 127 parameters
Start: Fri Feb  7 13:53:55 2025; End: Fri Feb  7 13:57:42 2025
94 iteration steps

Rp=3.71%  Rpb=64.55%  R=4.73%  Rwp=4.68% Rexp=4.28%
Durbin-Watson d=1.79
1-rho=14.6%

Global parameters and GOALs
****************************
Qsmectitedi2wfix=0.136+-0.024
QAndradite=0.0549+-0.0058
QCalcite=0.165+-0.013
QChlorite=0.144+-0.014
QMagnetite=0.293+-0.013
QTalc=0.175+-0.011
QQuartz=0.0321+-0.0031
EPS2=-0.000050+-0.000020

Local parameters and GOALs for phase smectitedi2w
******************************************************
SpacegroupNo=5
HermannMauguin=C121
XrayDensity=0.184
Rphase=4.69%
UNIT=NM
A=0.49868+-0.00086
B=1.06279+-0.00095
c0=1.4987+-0.0093
BETA=85.6+-4.5
b10=0
b1l=0
K20=0
K2l=0.000276+-0.000073
pFE=0
ptrans=0
pCA=0.299+-0.037
GEWICHT=0.00467+-0.00097
Atomic positions for phase smectitedi2w
---------------------------------------------
  2     0.0000  0.0000  0.0000     E=(AL+3(0.0000),MG+2(0.0000),FE+3(0.0000))
  2     0.0000  0.6540  0.0000     E=(AL+3(0.9000),MG+2(0.1000),FE+3(0.0000))
  2     0.0000  0.3210  0.0000     E=(AL+3(0.9000),MG+2(0.1000),FE+3(0.0000))
  4     0.4320  0.3330  0.0181     E=(SI+4(0.9375),AL+3(0.0625))
  4     0.4320  0.6620  0.0181     E=(SI+4(0.9375),AL+3(0.0625))
  4     0.1730  0.7250  0.0225     E=(O-1(1.0000))
  4     0.1700  0.2680  0.0225     E=(O-1(1.0000))
  4     0.4170  0.6560  0.0073     E=(O-1(1.0000))
  4     0.3430  0.3470  0.0073     E=(O-1(1.0000))
  4     0.3340  0.9760  0.0070     E=(O-1(1.0000))
  4     0.4890  0.4960  0.0225     E=(O-1(1.0000))
  4     1.2666  0.1968  0.0500     E=(CA+2(0.2994))
  4     1.1204  0.3725  0.0593     E=(O-2(0.2994))
  4     1.4128  0.0212  0.0407     E=(O-2(0.2994))
  4     1.6316  0.1597  0.0593     E=(O-2(0.2994))
  4     0.9015  0.2340  0.0407     E=(O-2(0.2994))
  4     1.5500  0.3353  0.0407     E=(O-2(0.2994))
  4     0.9832  0.0583  0.0593     E=(O-2(0.2994))

Local parameters and GOALs for phase Andradite
******************************************************
SpacegroupNo=230
HermannMauguin=I4_1/a-32/d
XrayDensity=4.096
Rphase=5.42%
UNIT=NM
A=1.20418+-0.00014
B1=0.00172+-0.00063
GEWICHT=SPHAR4, MeanValue(GEWICHT)=0.00188524
Atomic positions for phase Andradite
---------------------------------------------
 24     0.1250  0.0000  0.2500     E=(FE(0.6400),CA(0.3600))
 16     0.0000  0.0000  0.0000     E=(FE(1.0000))
 24     0.3750  0.0000  0.2500     E=(SI(1.0000))
 96     0.0378  0.0498  0.6561     E=(O(1.0000))

Local parameters and GOALs for phase Calcite
******************************************************
SpacegroupNo=167
HermannMauguin=R-32/c
XrayDensity=2.716
Rphase=7.50%
UNIT=NM
A=0.49866+-0.00011
C=1.70501+-0.00037
k2=0.00000148+-0.00000026
B1=0
GEWICHT=SPHAR4, MeanValue(GEWICHT)=0.00567425
Atomic positions for phase Calcite
---------------------------------------------
  6     0.0000  0.0000  0.0000     E=(CA(1.0000))
TDS=0.017+-0.010

  6     0.0000  0.0000  0.2500     E=(C(1.0000))
TDS=0.0500000

 18     0.3070  0.0000  0.2500     E=(O(1.0000))
x=0.307000
TDS=0


Local parameters and GOALs for phase Chlorite
******************************************************
SpacegroupNo=1
HermannMauguin=C1
XrayDensity=2.606
Rphase=4.86%
UNIT=NM
A=0.538835
B=0.910760
C=2.8508+-0.0013
ALPHA=90.79+-0.14
BETA=95.56+-0.15
GAMMA=90.30+-0.13
k2=0.0000038+-0.0000041
GEWICHT=0.00493+-0.00051
B1=ISOTROPIC=0.000190351
Atomic positions for phase Chlorite
---------------------------------------------
  2     0.0000  0.0000  0.0000     E=(MG(1.0000))
  2     0.0070  0.3290  0.0020     E=(MG(1.0000))
  2     0.9870  0.6600  0.9960     E=(MG(1.0000))
  2     0.1640  0.1700  0.2500     E=(MG(1.0000))
  2     0.1800  0.5020  0.2500     E=(MG(1.0000))
  2     0.1760  0.8320  0.2500     E=(MG(1.0000))
  2     0.0210  0.9920  0.4980     E=(MG(1.0000))
  2     0.9840  0.3290  0.4960     E=(MG(1.0000))
  2     0.0150  0.6560  0.4970     E=(MG(1.0000))
  2     0.3380  0.0020  0.7500     E=(MG(1.0000))
  2     0.3450  0.3350  0.7500     E=(MG(1.0000))
  2     0.3480  0.6680  0.7500     E=(MG(1.0000))
  2     0.3360  0.3380  0.1520     E=(SI(1.0000))
  2     0.3390  0.6720  0.1540     E=(SI(1.0000))
  2     0.0040  0.0010  0.3480     E=(SI(1.0000))
  2     0.0060  0.6710  0.3440     E=(SI(1.0000))
  2     0.1700  0.1670  0.6560     E=(SI(1.0000))
  2     0.1700  0.8370  0.6530     E=(SI(1.0000))
  2     0.9920  0.0050  0.8440     E=(SI(1.0000))
  2     0.9920  0.6710  0.8450     E=(SI(1.0000))
  2     0.0980  0.7600  0.1320     E=(O(1.0000))
  2     0.5900  0.7300  0.1380     E=(O(1.0000))
  2     0.3220  0.5120  0.1380     E=(O(1.0000))
  2     0.3330  0.3330  0.2140     E=(O(1.0000))
  2     0.3330  0.6670  0.2140     E=(O(1.0000))
  2     0.2150  0.5700  0.3710     E=(O(1.0000))
  2     0.7390  0.6200  0.3580     E=(O(1.0000))
  2     0.5140  0.3160  0.3690     E=(O(1.0000))
  2     0.0000  0.0000  0.2860     E=(O(1.0000))
  2     0.0000  0.6670  0.2860     E=(O(1.0000))
  2     0.4100  0.7320  0.6400     E=(O(1.0000))
  2     0.9140  0.7580  0.6340     E=(O(1.0000))
  2     0.6780  0.5080  0.6400     E=(O(1.0000))
  2     0.1670  0.1670  0.7140     E=(O(1.0000))
  2     0.1670  0.8330  0.7140     E=(O(1.0000))
  2     0.2780  0.6210  0.8590     E=(O(1.0000))
  2     0.7780  0.5710  0.8720     E=(O(1.0000))
  2     0.4500  0.3280  0.8670     E=(O(1.0000))
  2     0.0000  0.0000  0.7860     E=(O(1.0000))
  2     0.0000  0.6670  0.7860     E=(O(1.0000))
  2     0.3860  0.0020  0.9670     E=(O(1.0000))
  2     0.3660  0.3470  0.9670     E=(O(1.0000))
  2     0.3780  0.6670  0.9670     E=(O(1.0000))
  2     0.1720  0.1550  0.0340     E=(O(1.0000))
  2     0.1560  0.5040  0.0340     E=(O(1.0000))
  2     0.1540  0.8260  0.0340     E=(O(1.0000))
  2     0.3330  0.0000  0.2140     E=(O(1.0000))
  2     0.0000  0.3330  0.2860     E=(O(1.0000))
  2     0.1680  0.1670  0.4670     E=(O(1.0000))
  2     0.1400  0.5050  0.4670     E=(O(1.0000))
  2     0.1660  0.8430  0.4670     E=(O(1.0000))
  2     0.3630  0.0020  0.5340     E=(O(1.0000))
  2     0.3710  0.3270  0.5340     E=(O(1.0000))
  2     0.3840  0.6480  0.5340     E=(O(1.0000))
  2     0.1670  0.5000  0.7140     E=(O(1.0000))
  2     0.0000  0.3330  0.7860     E=(O(1.0000))

Local parameters and GOALs for phase Magnetite
******************************************************
SpacegroupNo=227
HermannMauguin=F4_1/d-32/m
XrayDensity=5.199
Rphase=5.82%
UNIT=NM
A=0.839473+-0.000045
k2=0.00000052+-0.00000013
B1=0.00013+-0.00025
GEWICHT=SPHAR6, MeanValue(GEWICHT)=0.0100618
Atomic positions for phase Magnetite
---------------------------------------------
  8     0.1250  0.1250  0.1250     E=(FE(1.0000))
TDS=0

 16     0.5000  0.5000  0.5000     E=(FE(1.0000))
TDS=0.0306+-0.0044

 32     0.2531  0.2531  0.2531     E=(O(1.0000))
x=0.2531+-0.0016
TDS=0


Local parameters and GOALs for phase Talc
******************************************************
SpacegroupNo=2
HermannMauguin=C-1
XrayDensity=2.847
Rphase=5.13%
UNIT=NM
A=0.52214+-0.00036
B=0.90847+-0.00074
C=0.94244+-0.00038
ALPHA=89.912+-0.089
BETA=97.784+-0.087
GAMMA=92.797+-0.069
k2=0.0000076+-0.0000031
B1=0
GEWICHT=0.00602+-0.00040
Atomic positions for phase Talc
---------------------------------------------
  4     0.7190  0.6690  0.2030     E=(H(1.0000))
  2     0.0000  0.0000  0.0000     E=(MG(1.0000))
  4     0.5001  0.8333  0.9999     E=(MG(1.0000))
  4     0.1991  0.8344  0.1176     E=(O(1.0000))
  4     0.6970  0.6674  0.1126     E=(O(1.0000))
  4     0.1980  0.5012  0.1176     E=(O(1.0000))
  4     0.0199  0.9287  0.3481     E=(O(1.0000))
  4     0.5202  0.9109  0.3494     E=(O(1.0000))
  4     0.2429  0.6699  0.3484     E=(O(1.0000))
  4     0.2453  0.5026  0.2909     E=(SI(1.0000))
  4     0.2459  0.8359  0.2911     E=(SI(1.0000))

Local parameters and GOALs for phase Quartz
******************************************************
SpacegroupNo=152
HermannMauguin=P3_121
XrayDensity=2.654
Rphase=4.55%
UNIT=NM
A=0.49009+-0.00014
C=0.54215+-0.00029
k2=0.00000010+-0.00000015
B1=0
GEWICHT=0.00110+-0.00010
Atomic positions for phase Quartz
---------------------------------------------
  6     0.4148  0.3168  0.1640     E=(O(1.0000))
x=0.415+-0.024
y=0.316800
z=0.164000

  3     0.4730  0.0000  0.3333     E=(SI(1.0000))
x=0.473+-0.039

