Rietveld refinement to file(s) Mgt_t01.xy
BGMN version 4.2.22, 3390 measured points, 2713 peaks, 104 parameters
Start: Fri Feb  7 13:40:48 2025; End: Fri Feb  7 13:49:02 2025
243 iteration steps

Rp=12.06%  Rpb=84.58%  R=14.88%  Rwp=15.17% Rexp=14.77%
Durbin-Watson d=1.99
1-rho=53.4%

Global parameters and GOALs
****************************
Qsmectitedi2wfix=0.190+-0.050
QAndradite=0.070+-0.016
QCalcite=0.165+-0.039
QChlorite=0.179+-0.043
QMagnetite=0.214+-0.031
QTalc=0.123+-0.019
QQuartz=0.059+-0.044
EPS2=-0.000082+-0.000061

Local parameters and GOALs for phase smectitedi2w
******************************************************
SpacegroupNo=5
HermannMauguin=C121
XrayDensity=0.205
Rphase=16.12%
UNIT=NM
A=0.4971+-0.0012
B=1.0655+-0.0014
c0=1.493+-0.022
BETA=84.4+-8.5
b10=0
b1l=0.0085+-0.0035
K20=0
K2l=0
pFE=0.34+-0.38
ptrans=0
pCA=0.400000
GEWICHT=0.00087+-0.00027
Atomic positions for phase smectitedi2w
---------------------------------------------
  2     0.0000  0.0000  0.0000     E=(AL+3(0.0000),MG+2(0.0000),FE+3(0.0000))
  2     0.0000  0.6540  0.0000     E=(AL+3(0.5605),MG+2(0.1000),FE+3(0.3395))
  2     0.0000  0.3210  0.0000     E=(AL+3(0.5605),MG+2(0.1000),FE+3(0.3395))
  4     0.4320  0.3330  0.0182     E=(SI+4(0.9375),AL+3(0.0625))
  4     0.4320  0.6620  0.0182     E=(SI+4(0.9375),AL+3(0.0625))
  4     0.1730  0.7250  0.0226     E=(O-1(1.0000))
  4     0.1700  0.2680  0.0226     E=(O-1(1.0000))
  4     0.4170  0.6560  0.0073     E=(O-1(1.0000))
  4     0.3430  0.3470  0.0073     E=(O-1(1.0000))
  4     0.3340  0.9760  0.0071     E=(O-1(1.0000))
  4     0.4890  0.4960  0.0226     E=(O-1(1.0000))
  4     1.2410  0.1963  0.0500     E=(CA+2(0.4000))
  4     1.0887  0.3716  0.0594     E=(O-2(0.4000))
  4     1.3934  0.0211  0.0406     E=(O-2(0.4000))
  4     1.6016  0.1593  0.0594     E=(O-2(0.4000))
  4     0.8805  0.2334  0.0406     E=(O-2(0.4000))
  4     1.5310  0.3345  0.0406     E=(O-2(0.4000))
  4     0.9511  0.0582  0.0594     E=(O-2(0.4000))

Local parameters and GOALs for phase Andradite
******************************************************
SpacegroupNo=230
HermannMauguin=I4_1/a-32/d
XrayDensity=4.095
Rphase=14.44%
UNIT=NM
A=1.20426+-0.00050
B1=0.0042+-0.0025
GEWICHT=0.000321+-0.000072
Atomic positions for phase Andradite
---------------------------------------------
 24     0.1250  0.0000  0.2500     E=(FE(0.6400),CA(0.3600))
 16     0.0000  0.0000  0.0000     E=(FE(1.0000))
 24     0.3750  0.0000  0.2500     E=(SI(1.0000))
 96     0.0378  0.0498  0.6561     E=(O(1.0000))

Local parameters and GOALs for phase Calcite
******************************************************
SpacegroupNo=167
HermannMauguin=R-32/c
XrayDensity=2.712
Rphase=13.20%
UNIT=NM
A=0.49925+-0.00040
C=1.7035+-0.0013
k2=0.0000019+-0.0000011
B1=0
GEWICHT=SPHAR2, MeanValue(GEWICHT)=0.000755811
Atomic positions for phase Calcite
---------------------------------------------
  6     0.0000  0.0000  0.0000     E=(CA(1.0000))
TDS=0.056+-0.035

  6     0.0000  0.0000  0.2500     E=(C(1.0000))
TDS=0.0500000

 18     0.2800  0.0000  0.2500     E=(O(1.0000))
x=0.280+-0.020
TDS=0.039+-0.041


Local parameters and GOALs for phase Chlorite
******************************************************
SpacegroupNo=1
HermannMauguin=C1
XrayDensity=2.558
Rphase=15.28%
UNIT=NM
A=0.538835
B=0.9112+-0.0069
C=2.897+-0.011
ALPHA=90.9000
BETA=94.16+-0.86
GAMMA=90.9000
k2=0
GEWICHT=0.00082+-0.00022
B1=ISOTROPIC=0.0100000
Atomic positions for phase Chlorite
---------------------------------------------
  2     0.0000  0.0000  0.0000     E=(MG(1.0000))
  2     0.0070  0.3290  0.0020     E=(MG(1.0000))
  2     0.9870  0.6600  0.9960     E=(MG(1.0000))
  2     0.1640  0.1700  0.2500     E=(MG(1.0000))
  2     0.1800  0.5020  0.2500     E=(MG(1.0000))
  2     0.1760  0.8320  0.2500     E=(MG(1.0000))
  2     0.0210  0.9920  0.4980     E=(MG(1.0000))
  2     0.9840  0.3290  0.4960     E=(MG(1.0000))
  2     0.0150  0.6560  0.4970     E=(MG(1.0000))
  2     0.3380  0.0020  0.7500     E=(MG(1.0000))
  2     0.3450  0.3350  0.7500     E=(MG(1.0000))
  2     0.3480  0.6680  0.7500     E=(MG(1.0000))
  2     0.3360  0.3380  0.1520     E=(SI(1.0000))
  2     0.3390  0.6720  0.1540     E=(SI(1.0000))
  2     0.0040  0.0010  0.3480     E=(SI(1.0000))
  2     0.0060  0.6710  0.3440     E=(SI(1.0000))
  2     0.1700  0.1670  0.6560     E=(SI(1.0000))
  2     0.1700  0.8370  0.6530     E=(SI(1.0000))
  2     0.9920  0.0050  0.8440     E=(SI(1.0000))
  2     0.9920  0.6710  0.8450     E=(SI(1.0000))
  2     0.0980  0.7600  0.1320     E=(O(1.0000))
  2     0.5900  0.7300  0.1380     E=(O(1.0000))
  2     0.3220  0.5120  0.1380     E=(O(1.0000))
  2     0.3330  0.3330  0.2140     E=(O(1.0000))
  2     0.3330  0.6670  0.2140     E=(O(1.0000))
  2     0.2150  0.5700  0.3710     E=(O(1.0000))
  2     0.7390  0.6200  0.3580     E=(O(1.0000))
  2     0.5140  0.3160  0.3690     E=(O(1.0000))
  2     0.0000  0.0000  0.2860     E=(O(1.0000))
  2     0.0000  0.6670  0.2860     E=(O(1.0000))
  2     0.4100  0.7320  0.6400     E=(O(1.0000))
  2     0.9140  0.7580  0.6340     E=(O(1.0000))
  2     0.6780  0.5080  0.6400     E=(O(1.0000))
  2     0.1670  0.1670  0.7140     E=(O(1.0000))
  2     0.1670  0.8330  0.7140     E=(O(1.0000))
  2     0.2780  0.6210  0.8590     E=(O(1.0000))
  2     0.7780  0.5710  0.8720     E=(O(1.0000))
  2     0.4500  0.3280  0.8670     E=(O(1.0000))
  2     0.0000  0.0000  0.7860     E=(O(1.0000))
  2     0.0000  0.6670  0.7860     E=(O(1.0000))
  2     0.3860  0.0020  0.9670     E=(O(1.0000))
  2     0.3660  0.3470  0.9670     E=(O(1.0000))
  2     0.3780  0.6670  0.9670     E=(O(1.0000))
  2     0.1720  0.1550  0.0340     E=(O(1.0000))
  2     0.1560  0.5040  0.0340     E=(O(1.0000))
  2     0.1540  0.8260  0.0340     E=(O(1.0000))
  2     0.3330  0.0000  0.2140     E=(O(1.0000))
  2     0.0000  0.3330  0.2860     E=(O(1.0000))
  2     0.1680  0.1670  0.4670     E=(O(1.0000))
  2     0.1400  0.5050  0.4670     E=(O(1.0000))
  2     0.1660  0.8430  0.4670     E=(O(1.0000))
  2     0.3630  0.0020  0.5340     E=(O(1.0000))
  2     0.3710  0.3270  0.5340     E=(O(1.0000))
  2     0.3840  0.6480  0.5340     E=(O(1.0000))
  2     0.1670  0.5000  0.7140     E=(O(1.0000))
  2     0.0000  0.3330  0.7860     E=(O(1.0000))

Local parameters and GOALs for phase Magnetite
******************************************************
SpacegroupNo=227
HermannMauguin=F4_1/d-32/m
XrayDensity=5.198
Rphase=12.94%
UNIT=NM
A=0.83954+-0.00014
k2=0.00000071+-0.00000020
B1=0
GEWICHT=SPHAR6, MeanValue(GEWICHT)=0.000980113
Atomic positions for phase Magnetite
---------------------------------------------
  8     0.1250  0.1250  0.1250     E=(FE(1.0000))
TDS=0

 16     0.5000  0.5000  0.5000     E=(FE(1.0000))
TDS=0.047+-0.017

 32     0.2519  0.2519  0.2519     E=(O(1.0000))
x=0.2519+-0.0062
TDS=0.004+-0.027


Local parameters and GOALs for phase Talc
******************************************************
SpacegroupNo=2
HermannMauguin=C-1
XrayDensity=2.795
Rphase=14.81%
UNIT=NM
A=0.52726+-0.00021
B=0.91767+-0.00037
C=0.94491+-0.00034
ALPHA=89.170+-0.043
BETA=98.577+-0.038
GAMMA=94.505+-0.035
k2=0
B1=0
GEWICHT=0.000562+-0.000077
Atomic positions for phase Talc
---------------------------------------------
  4     0.7190  0.6690  0.2030     E=(H(1.0000))
  2     0.0000  0.0000  0.0000     E=(MG(1.0000))
  4     0.5001  0.8333  0.9999     E=(MG(1.0000))
  4     0.1991  0.8344  0.1176     E=(O(1.0000))
  4     0.6970  0.6674  0.1126     E=(O(1.0000))
  4     0.1980  0.5012  0.1176     E=(O(1.0000))
  4     0.0199  0.9287  0.3481     E=(O(1.0000))
  4     0.5202  0.9109  0.3494     E=(O(1.0000))
  4     0.2429  0.6699  0.3484     E=(O(1.0000))
  4     0.2453  0.5026  0.2909     E=(SI(1.0000))
  4     0.2459  0.8359  0.2911     E=(SI(1.0000))

Local parameters and GOALs for phase Quartz
******************************************************
SpacegroupNo=152
HermannMauguin=P3_121
XrayDensity=2.634
Rphase=14.85%
UNIT=NM
A=0.49509+-0.00072
C=0.535194
k2=0
B1=0.0093+-0.0040
GEWICHT=0.00027+-0.00021
Atomic positions for phase Quartz
---------------------------------------------
  6     0.4591  0.2187  0.2640     E=(O(1.0000))
x=0.459+-0.087
y=0.22+-0.22
z=0.264000

  3     0.4992  0.0000  0.3333     E=(SI(1.0000))
x=0.50+-0.26

