Rietveld refinement to file(s) Mgt_t20.xy
BGMN version 4.2.22, 3390 measured points, 2713 peaks, 126 parameters
Start: Fri Feb  7 13:57:43 2025; End: Fri Feb  7 14:01:26 2025
92 iteration steps

Rp=2.68%  Rpb=55.19%  R=3.47%  Rwp=3.39% Rexp=3.02%
Durbin-Watson d=1.69
1-rho=8.61%

Global parameters and GOALs
****************************
Qsmectitedi2wfix=0.096+-0.018
QAndradite=0.0440+-0.0037
QCalcite=0.206+-0.011
QChlorite=0.1556+-0.0099
QMagnetite=0.297+-0.010
QTalc=0.1588+-0.0081
QQuartz=0.0426+-0.0023
EPS2=-0.000109+-0.000015

Local parameters and GOALs for phase smectitedi2w
******************************************************
SpacegroupNo=5
HermannMauguin=C121
XrayDensity=0.172
Rphase=3.72%
UNIT=NM
A=0.49905+-0.00089
B=1.0775+-0.0010
c0=1.5025+-0.0086
BETA=86.2+-4.8
b10=0
b1l=0.0042+-0.0022
K20=0
K2l=0.000033+-0.000075
pFE=0
ptrans=0
pCA=0.223+-0.048
GEWICHT=0.0064+-0.0013
Atomic positions for phase smectitedi2w
---------------------------------------------
  2     0.0000  0.0000  0.0000     E=(AL+3(0.0000),MG+2(0.0000),FE+3(0.0000))
  2     0.0000  0.6540  0.0000     E=(AL+3(0.9000),MG+2(0.1000),FE+3(0.0000))
  2     0.0000  0.3210  0.0000     E=(AL+3(0.9000),MG+2(0.1000),FE+3(0.0000))
  4     0.4320  0.3330  0.0181     E=(SI+4(0.9375),AL+3(0.0625))
  4     0.4320  0.6620  0.0181     E=(SI+4(0.9375),AL+3(0.0625))
  4     0.1730  0.7250  0.0224     E=(O-1(1.0000))
  4     0.1700  0.2680  0.0224     E=(O-1(1.0000))
  4     0.4170  0.6560  0.0073     E=(O-1(1.0000))
  4     0.3430  0.3470  0.0073     E=(O-1(1.0000))
  4     0.3340  0.9760  0.0070     E=(O-1(1.0000))
  4     0.4890  0.4960  0.0224     E=(O-1(1.0000))
  4     1.2801  0.1942  0.0500     E=(CA+2(0.2233))
  4     1.1368  0.3674  0.0593     E=(O-2(0.2233))
  4     1.4235  0.0209  0.0407     E=(O-2(0.2233))
  4     1.6477  0.1575  0.0593     E=(O-2(0.2233))
  4     0.9126  0.2308  0.0407     E=(O-2(0.2233))
  4     1.5606  0.3308  0.0407     E=(O-2(0.2233))
  4     0.9997  0.0575  0.0593     E=(O-2(0.2233))

Local parameters and GOALs for phase Andradite
******************************************************
SpacegroupNo=230
HermannMauguin=I4_1/a-32/d
XrayDensity=4.092
Rphase=4.55%
UNIT=NM
A=1.204559+-0.000095
B1=0.00111+-0.00041
GEWICHT=0.00294+-0.00024
Atomic positions for phase Andradite
---------------------------------------------
 24     0.1250  0.0000  0.2500     E=(FE(0.6400),CA(0.3600))
 16     0.0000  0.0000  0.0000     E=(FE(1.0000))
 24     0.3750  0.0000  0.2500     E=(SI(1.0000))
 96     0.0378  0.0498  0.6561     E=(O(1.0000))

Local parameters and GOALs for phase Calcite
******************************************************
SpacegroupNo=167
HermannMauguin=R-32/c
XrayDensity=2.714
Rphase=5.95%
UNIT=NM
A=0.498907+-0.000066
C=1.70427+-0.00019
k2=0.00000206+-0.00000023
B1=0
GEWICHT=SPHAR6, MeanValue(GEWICHT)=0.0137478
Atomic positions for phase Calcite
---------------------------------------------
  6     0.0000  0.0000  0.0000     E=(CA(1.0000))
TDS=0

  6     0.0000  0.0000  0.2500     E=(C(1.0000))
TDS=0.0500000

 18     0.2490  0.0000  0.2500     E=(O(1.0000))
x=0.2490+-0.0094
TDS=0.0354+-0.0100


Local parameters and GOALs for phase Chlorite
******************************************************
SpacegroupNo=1
HermannMauguin=C1
XrayDensity=2.587
Rphase=3.56%
UNIT=NM
A=0.538835
B=0.91695+-0.00033
C=2.85065+-0.00066
ALPHA=90.9000
BETA=95.182+-0.044
GAMMA=90.812+-0.037
k2=0
GEWICHT=0.01038+-0.00073
B1=ISOTROPIC=0.00112827
Atomic positions for phase Chlorite
---------------------------------------------
  2     0.0000  0.0000  0.0000     E=(MG(1.0000))
  2     0.0070  0.3290  0.0020     E=(MG(1.0000))
  2     0.9870  0.6600  0.9960     E=(MG(1.0000))
  2     0.1640  0.1700  0.2500     E=(MG(1.0000))
  2     0.1800  0.5020  0.2500     E=(MG(1.0000))
  2     0.1760  0.8320  0.2500     E=(MG(1.0000))
  2     0.0210  0.9920  0.4980     E=(MG(1.0000))
  2     0.9840  0.3290  0.4960     E=(MG(1.0000))
  2     0.0150  0.6560  0.4970     E=(MG(1.0000))
  2     0.3380  0.0020  0.7500     E=(MG(1.0000))
  2     0.3450  0.3350  0.7500     E=(MG(1.0000))
  2     0.3480  0.6680  0.7500     E=(MG(1.0000))
  2     0.3360  0.3380  0.1520     E=(SI(1.0000))
  2     0.3390  0.6720  0.1540     E=(SI(1.0000))
  2     0.0040  0.0010  0.3480     E=(SI(1.0000))
  2     0.0060  0.6710  0.3440     E=(SI(1.0000))
  2     0.1700  0.1670  0.6560     E=(SI(1.0000))
  2     0.1700  0.8370  0.6530     E=(SI(1.0000))
  2     0.9920  0.0050  0.8440     E=(SI(1.0000))
  2     0.9920  0.6710  0.8450     E=(SI(1.0000))
  2     0.0980  0.7600  0.1320     E=(O(1.0000))
  2     0.5900  0.7300  0.1380     E=(O(1.0000))
  2     0.3220  0.5120  0.1380     E=(O(1.0000))
  2     0.3330  0.3330  0.2140     E=(O(1.0000))
  2     0.3330  0.6670  0.2140     E=(O(1.0000))
  2     0.2150  0.5700  0.3710     E=(O(1.0000))
  2     0.7390  0.6200  0.3580     E=(O(1.0000))
  2     0.5140  0.3160  0.3690     E=(O(1.0000))
  2     0.0000  0.0000  0.2860     E=(O(1.0000))
  2     0.0000  0.6670  0.2860     E=(O(1.0000))
  2     0.4100  0.7320  0.6400     E=(O(1.0000))
  2     0.9140  0.7580  0.6340     E=(O(1.0000))
  2     0.6780  0.5080  0.6400     E=(O(1.0000))
  2     0.1670  0.1670  0.7140     E=(O(1.0000))
  2     0.1670  0.8330  0.7140     E=(O(1.0000))
  2     0.2780  0.6210  0.8590     E=(O(1.0000))
  2     0.7780  0.5710  0.8720     E=(O(1.0000))
  2     0.4500  0.3280  0.8670     E=(O(1.0000))
  2     0.0000  0.0000  0.7860     E=(O(1.0000))
  2     0.0000  0.6670  0.7860     E=(O(1.0000))
  2     0.3860  0.0020  0.9670     E=(O(1.0000))
  2     0.3660  0.3470  0.9670     E=(O(1.0000))
  2     0.3780  0.6670  0.9670     E=(O(1.0000))
  2     0.1720  0.1550  0.0340     E=(O(1.0000))
  2     0.1560  0.5040  0.0340     E=(O(1.0000))
  2     0.1540  0.8260  0.0340     E=(O(1.0000))
  2     0.3330  0.0000  0.2140     E=(O(1.0000))
  2     0.0000  0.3330  0.2860     E=(O(1.0000))
  2     0.1680  0.1670  0.4670     E=(O(1.0000))
  2     0.1400  0.5050  0.4670     E=(O(1.0000))
  2     0.1660  0.8430  0.4670     E=(O(1.0000))
  2     0.3630  0.0020  0.5340     E=(O(1.0000))
  2     0.3710  0.3270  0.5340     E=(O(1.0000))
  2     0.3840  0.6480  0.5340     E=(O(1.0000))
  2     0.1670  0.5000  0.7140     E=(O(1.0000))
  2     0.0000  0.3330  0.7860     E=(O(1.0000))

Local parameters and GOALs for phase Magnetite
******************************************************
SpacegroupNo=227
HermannMauguin=F4_1/d-32/m
XrayDensity=5.197
Rphase=4.23%
UNIT=NM
A=0.839593+-0.000033
k2=0.00000059+-0.00000011
B1=0.00015+-0.00020
GEWICHT=SPHAR6, MeanValue(GEWICHT)=0.0198178
Atomic positions for phase Magnetite
---------------------------------------------
  8     0.1250  0.1250  0.1250     E=(FE(1.0000))
TDS=0

 16     0.5000  0.5000  0.5000     E=(FE(1.0000))
TDS=0.0253+-0.0030

 32     0.2530  0.2530  0.2530     E=(O(1.0000))
x=0.2530+-0.0011
TDS=0


Local parameters and GOALs for phase Talc
******************************************************
SpacegroupNo=2
HermannMauguin=C-1
XrayDensity=2.810
Rphase=3.81%
UNIT=NM
A=0.52614+-0.00030
B=0.91223+-0.00060
C=0.94153+-0.00027
ALPHA=88.737+-0.070
BETA=96.6902
GAMMA=92.748+-0.055
k2=0.0000076+-0.0000025
B1=0
GEWICHT=0.01060+-0.00056
Atomic positions for phase Talc
---------------------------------------------
  4     0.7190  0.6690  0.2030     E=(H(1.0000))
  2     0.0000  0.0000  0.0000     E=(MG(1.0000))
  4     0.5001  0.8333  0.9999     E=(MG(1.0000))
  4     0.1991  0.8344  0.1176     E=(O(1.0000))
  4     0.6970  0.6674  0.1126     E=(O(1.0000))
  4     0.1980  0.5012  0.1176     E=(O(1.0000))
  4     0.0199  0.9287  0.3481     E=(O(1.0000))
  4     0.5202  0.9109  0.3494     E=(O(1.0000))
  4     0.2429  0.6699  0.3484     E=(O(1.0000))
  4     0.2453  0.5026  0.2909     E=(SI(1.0000))
  4     0.2459  0.8359  0.2911     E=(SI(1.0000))

Local parameters and GOALs for phase Quartz
******************************************************
SpacegroupNo=152
HermannMauguin=P3_121
XrayDensity=2.652
Rphase=3.54%
UNIT=NM
A=0.49070+-0.00016
C=0.54121+-0.00029
k2=0.00000041+-0.00000019
B1=0
GEWICHT=0.00284+-0.00014
Atomic positions for phase Quartz
---------------------------------------------
  6     0.4324  0.2859  0.1640     E=(O(1.0000))
x=0.432+-0.019
y=0.286+-0.029
z=0.164000

  3     0.4341  0.0000  0.3333     E=(SI(1.0000))
x=0.434+-0.024

