Rietveld refinement to file(s) Mgt_t50.xy
BGMN version 4.2.22, 3286 measured points, 2518 peaks, 131 parameters
Start: Sun Feb  9 09:03:15 2025; End: Sun Feb  9 09:06:51 2025
110 iteration steps

Rp=1.91%  Rpb=43.23%  R=2.68%  Rwp=2.52% Rexp=1.91%
Durbin-Watson d=1.35
1-rho=4.83%

Global parameters and GOALs
****************************
Qsmectitedi2wfix=0.122+-0.013
QCalcite=0.2233+-0.0069
QChlorite=0.1839+-0.0088
QMagnetite=0.2435+-0.0067
QAndradite=0.0257+-0.0033
QTalc=0.178+-0.013
QQuartz=0.0241+-0.0026
EPS2=-0.000102+-0.000010

Local parameters and GOALs for phase smectitedi2w
******************************************************
SpacegroupNo=5
HermannMauguin=C121
XrayDensity=0.188
Rphase=2.58%
UNIT=NM
A=0.507000
B=1.02855+-0.00067
c0=1.5102+-0.0093
BETA=82.9+-2.8
b10=0
b1l=0
K20=0.000000100000
K2l=0.000238+-0.000037
GEWICHT=0.0218+-0.0027
pFE=0
ptrans=0.43+-0.14
pCA=0.312+-0.022
Atomic positions for phase smectitedi2w
---------------------------------------------
  2     0.0000  0.0000  0.0000     E=(AL+3(0.3870),MG+2(0.0430),FE+3(0.0000))
  2     0.0000  0.6540  0.0000     E=(AL+3(0.5130),MG+2(0.0570),FE+3(0.0000))
  2     0.0000  0.3210  0.0000     E=(AL+3(0.9000),MG+2(0.1000),FE+3(0.0000))
  4     0.4320  0.3330  0.0180     E=(SI+4(0.9375),AL+3(0.0625))
  4     0.4320  0.6620  0.0180     E=(SI+4(0.9375),AL+3(0.0625))
  4     0.1730  0.7250  0.0223     E=(O-1(1.0000))
  4     0.1700  0.2680  0.0223     E=(O-1(1.0000))
  4     0.4170  0.6560  0.0073     E=(O-1(1.0000))
  4     0.3430  0.3470  0.0073     E=(O-1(1.0000))
  4     0.3340  0.9760  0.0070     E=(O-1(1.0000))
  4     0.4890  0.4960  0.0223     E=(O-1(1.0000))
  4     1.1762  0.2034  0.0500     E=(CA+2(0.3122))
  4     1.0195  0.3849  0.0593     E=(O-2(0.3122))
  4     1.3328  0.0219  0.0407     E=(O-2(0.3122))
  4     1.5224  0.1650  0.0593     E=(O-2(0.3122))
  4     0.8300  0.2418  0.0407     E=(O-2(0.3122))
  4     1.4678  0.3465  0.0407     E=(O-2(0.3122))
  4     0.8846  0.0603  0.0593     E=(O-2(0.3122))

Local parameters and GOALs for phase Calcite
******************************************************
SpacegroupNo=167
HermannMauguin=R-32/c
XrayDensity=2.715
Rphase=6.28%
UNIT=NM
A=0.498732+-0.000038
C=1.70482+-0.00014
B1=0.00258+-0.00014
GEWICHT=SPHAR2, MeanValue(GEWICHT)=0.0401035
Atomic positions for phase Calcite
---------------------------------------------
  6     0.0000  0.0000  0.0000     E=(CA(1.0000))
TDS=0.0200000

  6     0.0000  0.0000  0.2500     E=(C(1.0000))
TDS=0.0200000

 18     0.2566  0.0000  0.2500     E=(O(1.0000))
x=0.2566+-0.0031
TDS=0.0041+-0.0059


Local parameters and GOALs for phase Chlorite
******************************************************
SpacegroupNo=1
HermannMauguin=C1
XrayDensity=2.582
Rphase=2.66%
UNIT=NM
A=0.538835
B=0.9186+-0.0011
C=2.8507+-0.0010
ALPHA=90.9000
BETA=95.24+-0.14
GAMMA=90.9000
k2=0.0000234+-0.0000075
B1=0.00071+-0.00057
GEWICHT=0.0330+-0.0017
Atomic positions for phase Chlorite
---------------------------------------------
  2     0.0000  0.0000  0.0000     E=(MG(1.0000))
  2     0.0070  0.3290  0.0020     E=(MG(1.0000))
  2     0.9870  0.6600  0.9960     E=(MG(1.0000))
  2     0.1640  0.1700  0.2500     E=(MG(1.0000))
  2     0.1800  0.5020  0.2500     E=(MG(1.0000))
  2     0.1760  0.8320  0.2500     E=(MG(1.0000))
  2     0.0210  0.9920  0.4980     E=(MG(1.0000))
  2     0.9840  0.3290  0.4960     E=(MG(1.0000))
  2     0.0150  0.6560  0.4970     E=(MG(1.0000))
  2     0.3380  0.0020  0.7500     E=(MG(1.0000))
  2     0.3450  0.3350  0.7500     E=(MG(1.0000))
  2     0.3480  0.6680  0.7500     E=(MG(1.0000))
  2     0.3360  0.3380  0.1520     E=(SI(1.0000))
  2     0.3390  0.6720  0.1540     E=(SI(1.0000))
  2     0.0040  0.0010  0.3480     E=(SI(1.0000))
  2     0.0060  0.6710  0.3440     E=(SI(1.0000))
  2     0.1700  0.1670  0.6560     E=(SI(1.0000))
  2     0.1700  0.8370  0.6530     E=(SI(1.0000))
  2     0.9920  0.0050  0.8440     E=(SI(1.0000))
  2     0.9920  0.6710  0.8450     E=(SI(1.0000))
  2     0.0980  0.7600  0.1320     E=(O(1.0000))
  2     0.5900  0.7300  0.1380     E=(O(1.0000))
  2     0.3220  0.5120  0.1380     E=(O(1.0000))
  2     0.3330  0.3330  0.2140     E=(O(1.0000))
  2     0.3330  0.6670  0.2140     E=(O(1.0000))
  2     0.2150  0.5700  0.3710     E=(O(1.0000))
  2     0.7390  0.6200  0.3580     E=(O(1.0000))
  2     0.5140  0.3160  0.3690     E=(O(1.0000))
  2     0.0000  0.0000  0.2860     E=(O(1.0000))
  2     0.0000  0.6670  0.2860     E=(O(1.0000))
  2     0.4100  0.7320  0.6400     E=(O(1.0000))
  2     0.9140  0.7580  0.6340     E=(O(1.0000))
  2     0.6780  0.5080  0.6400     E=(O(1.0000))
  2     0.1670  0.1670  0.7140     E=(O(1.0000))
  2     0.1670  0.8330  0.7140     E=(O(1.0000))
  2     0.2780  0.6210  0.8590     E=(O(1.0000))
  2     0.7780  0.5710  0.8720     E=(O(1.0000))
  2     0.4500  0.3280  0.8670     E=(O(1.0000))
  2     0.0000  0.0000  0.7860     E=(O(1.0000))
  2     0.0000  0.6670  0.7860     E=(O(1.0000))
  2     0.3860  0.0020  0.9670     E=(O(1.0000))
  2     0.3660  0.3470  0.9670     E=(O(1.0000))
  2     0.3780  0.6670  0.9670     E=(O(1.0000))
  2     0.1720  0.1550  0.0340     E=(O(1.0000))
  2     0.1560  0.5040  0.0340     E=(O(1.0000))
  2     0.1540  0.8260  0.0340     E=(O(1.0000))
  2     0.3330  0.0000  0.2140     E=(O(1.0000))
  2     0.0000  0.3330  0.2860     E=(O(1.0000))
  2     0.1680  0.1670  0.4670     E=(O(1.0000))
  2     0.1400  0.5050  0.4670     E=(O(1.0000))
  2     0.1660  0.8430  0.4670     E=(O(1.0000))
  2     0.3630  0.0020  0.5340     E=(O(1.0000))
  2     0.3710  0.3270  0.5340     E=(O(1.0000))
  2     0.3840  0.6480  0.5340     E=(O(1.0000))
  2     0.1670  0.5000  0.7140     E=(O(1.0000))
  2     0.0000  0.3330  0.7860     E=(O(1.0000))

Local parameters and GOALs for phase Magnetite
******************************************************
SpacegroupNo=227
HermannMauguin=F4_1/d-32/m
XrayDensity=5.197
Rphase=3.76%
UNIT=NM
A=0.839592+-0.000023
k2=0.000000709+-0.000000032
B1=0
GEWICHT=SPHAR4, MeanValue(GEWICHT)=0.0437271
Atomic positions for phase Magnetite
---------------------------------------------
  8     0.1250  0.1250  0.1250     E=(FE(1.0000))
TDS=0

 16     0.5000  0.5000  0.5000     E=(FE(1.0000))
TDS=0.0078+-0.0020

 32     0.2596  0.2596  0.2596     E=(O(1.0000))
x=0.25964+-0.00075
TDS=0.0200000


Local parameters and GOALs for phase Andradite
******************************************************
SpacegroupNo=230
HermannMauguin=I4_1/a-32/d
XrayDensity=4.091
Rphase=2.98%
UNIT=NM
A=1.204706+-0.000076
B1=0.00029+-0.00032
GEWICHT=0.00461+-0.00056
Atomic positions for phase Andradite
---------------------------------------------
 24     0.1250  0.0000  0.2500     E=(FE(0.6400),CA(0.3600))
 16     0.0000  0.0000  0.0000     E=(FE(1.0000))
 24     0.3750  0.0000  0.2500     E=(SI(1.0000))
 96     0.0378  0.0498  0.6561     E=(O(1.0000))

Local parameters and GOALs for phase Talc
******************************************************
SpacegroupNo=2
HermannMauguin=C-1
XrayDensity=2.869
Rphase=3.00%
UNIT=NM
A=0.51701+-0.00012
B=0.908127
C=0.944997+-0.000097
ALPHA=88.688+-0.020
BETA=98.099+-0.017
GAMMA=91.253+-0.019
k2=0.00000017+-0.00000019
B1=0.00077+-0.00033
GEWICHT=0.0320+-0.0027
Atomic positions for phase Talc
---------------------------------------------
  4     0.7690  0.6926  0.2530     E=(H(1.0000))
x=0.769000
y=0.69+-0.19
z=0.253000
TDS=0

  2     0.0000  0.0000  0.0000     E=(MG(1.0000))
TDS=0.0500000

  4     0.5148  0.7833  1.0248     E=(MG(1.0000))
x=0.515+-0.018
y=0.783300
z=1.025+-0.010
TDS=0.0500000

  4     0.2265  0.8457  0.0806     E=(O(1.0000))
x=0.226+-0.023
y=0.846+-0.013
z=0.081+-0.011
TDS=0

  4     0.7670  0.6174  0.0987     E=(O(1.0000))
x=0.767000
y=0.617400
z=0.099+-0.015
TDS=0

  4     0.1480  0.5037  0.1249     E=(O(1.0000))
x=0.148000
y=0.504+-0.012
z=0.125+-0.012
TDS=0

  4     0.0899  1.1785  0.3406     E=(O(1.0000))
x=0.0899000
y=1.179+-0.014
z=0.341+-0.014
TDS=0.025+-0.046

  4     0.4702  0.8409  0.3896     E=(O(1.0000))
x=0.470200
y=0.840900
z=0.390+-0.014
TDS=0.0500000

  4     0.1929  0.6311  0.3204     E=(O(1.0000))
x=0.192900
y=0.631+-0.014
z=0.320+-0.011
TDS=0

  4     0.2953  0.4526  0.2703     E=(SI(1.0000))
x=0.295300
y=0.452600
z=0.2703+-0.0060
TDS=0.014+-0.026

  4     0.1759  0.8640  0.3178     E=(SI(1.0000))
x=0.175900
y=0.8640+-0.0074
z=0.3178+-0.0076
TDS=0


Local parameters and GOALs for phase Quartz
******************************************************
SpacegroupNo=152
HermannMauguin=P3_121
XrayDensity=2.652
Rphase=1.97%
UNIT=NM
A=0.49122+-0.00027
C=0.53998+-0.00053
B1=0.00193+-0.00072
GEWICHT=SPHAR2, MeanValue(GEWICHT)=0.00433387
Atomic positions for phase Quartz
---------------------------------------------
  6     0.4130  0.2668  0.2140     E=(O(1.0000))
  3     0.4699  0.0000  0.3333     E=(SI(1.0000))
