Rietveld refinement to file(s) Cal_t25.xy
BGMN version 4.2.22, 3390 measured points, 31 peaks, 115 parameters
Start: Sun Feb  9 07:28:21 2025; End: Sun Feb  9 07:28:53 2025
61 iteration steps

Rp=9.25%  Rpb=18.61%  R=14.28%  Rwp=8.68% Rexp=7.23%
Durbin-Watson d=1.37
1-rho=1.04%

Global parameters and GOALs
****************************
QCalcite=0.9913+-0.0011
QGraphite2h=0.0047+-0.0011
QGraphite3r=0.00405+-0.00079
EPS2=0.0000055+-0.0000058

Local parameters and GOALs for phase Calcite
******************************************************
SpacegroupNo=167
HermannMauguin=R-32/c
XrayDensity=2.711
Rphase=8.54%
UNIT=NM
A=0.4989131+-0.0000079
C=1.706000+-0.000033
k1=0
GEWICHT=SPHAR10, MeanValue(GEWICHT)=0.207416
B1=ANISOLIN, MeanValue(B1)=0.000497143, sqrt3(det(B1))=0.000254798
k2=ANISO4, MeanValue(k2)=0.00000116180
Atomic positions for phase Calcite
---------------------------------------------
  6     0.0000  0.0000  0.0000     E=(CA(1.0000))
TDS=0.0181+-0.0012

  6     0.0000  0.0000  0.2500     E=(C(1.0000))
TDS=0.0197+-0.0033

 18     0.2607  0.0000  0.2500     E=(O(1.0000))
x=0.2607+-0.0011
TDS=0.0092+-0.0026


Local parameters and GOALs for phase Graphite-2H
******************************************************
SpacegroupNo=194
HermannMauguin=P6_3/m2/m2/c
XrayDensity=2.171
Rphase=12.28%
UNIT=NM
A=0.252000
C=0.668000
B1=0.0025+-0.0018
GrainSize(1,1,1)=172+-124
GEWICHT=0.00098+-0.00021
Atomic positions for phase Graphite-2H
---------------------------------------------
  2     0.0000  0.0000  0.2500     E=(C(1.0000))
  2     0.3333  0.6667  0.2500     E=(C(1.0000))

Local parameters and GOALs for phase Graphite-3R
******************************************************
SpacegroupNo=166
HermannMauguin=R-32/m
XrayDensity=2.305
Rphase=13.03%
UNIT=NM
A=0.24394+-0.00020
C=1.00756+-0.00019
B1=0.00063+-0.00078
GrainSize(1,1,1)=673+-837
GEWICHT=0.00085+-0.00015
Atomic positions for phase Graphite-3R
---------------------------------------------
  6     0.0000  0.0000  0.1667     E=(C(1.0000))
