Rietveld refinement to file(s) Cal_t20.xy
BGMN version 4.2.22, 3390 measured points, 31 peaks, 110 parameters
Start: Sun Feb  9 07:27:48 2025; End: Sun Feb  9 07:28:21 2025
92 iteration steps

Rp=9.81%  Rpb=19.53%  R=13.55%  Rwp=9.79% Rexp=8.02%
Durbin-Watson d=1.38
1-rho=1.29%

Global parameters and GOALs
****************************
QCalcite=0.9914+-0.0013
QGraphite2h=0
QGraphite3r=0.0086+-0.0013
EPS2=0.0000035+-0.0000064

Local parameters and GOALs for phase Calcite
******************************************************
SpacegroupNo=167
HermannMauguin=R-32/c
XrayDensity=2.711
Rphase=9.33%
UNIT=NM
A=0.4989175+-0.0000087
C=1.705967+-0.000037
k1=0
GEWICHT=SPHAR10, MeanValue(GEWICHT)=0.166359
B1=ISOTROPIC=0.000544314
k2=ANISO4, MeanValue(k2)=0.00000109809
Atomic positions for phase Calcite
---------------------------------------------
  6     0.0000  0.0000  0.0000     E=(CA(1.0000))
TDS=0.0173+-0.0014

  6     0.0000  0.0000  0.2500     E=(C(1.0000))
TDS=0.0202+-0.0039

 18     0.2592  0.0000  0.2500     E=(O(1.0000))
x=0.2592+-0.0012
TDS=0.0093+-0.0028


Local parameters and GOALs for phase Graphite-2H
******************************************************
SpacegroupNo=194
HermannMauguin=P6_3/m2/m2/c
XrayDensity=2.306
Rphase=100.00%
UNIT=NM
A=UNDEF
C=UNDEF
B1=UNDEF
GrainSize(1,1,1)=UNDEF
GEWICHT=0.0
Atomic positions for phase Graphite-2H
---------------------------------------------
  2     0.0000  0.0000  0.2500     E=(C(1.0000))
  2     0.3333  0.6667  0.2500     E=(C(1.0000))

Local parameters and GOALs for phase Graphite-3R
******************************************************
SpacegroupNo=166
HermannMauguin=R-32/m
XrayDensity=2.284
Rphase=16.66%
UNIT=NM
A=0.24551+-0.00092
C=1.00346+-0.00068
B1=0.0100000
GrainSize(1,1,1)=42.4413
GEWICHT=0.00144+-0.00016
Atomic positions for phase Graphite-3R
---------------------------------------------
  6     0.0000  0.0000  0.1667     E=(C(1.0000))
