Rietveld refinement to file(s) Qz_t10.xy
BGMN version 4.2.22, 3390 measured points, 27 peaks, 109 parameters
Start: Sun Feb  9 07:08:09 2025; End: Sun Feb  9 07:08:46 2025
98 iteration steps

Rp=11.94%  Rpb=20.80%  R=13.31%  Rwp=10.66% Rexp=8.83%
Durbin-Watson d=1.45
1-rho=1.24%

Global parameters and GOALs
****************************
QQuartz=1.00000
EPS2=0.0000280+-0.0000035

Local parameters and GOALs for phase Quartz
******************************************************
SpacegroupNo=152
HermannMauguin=P3_121
XrayDensity=2.647
Rphase=11.06%
UNIT=NM
A=0.4914535+-0.0000056
C=0.5406110+-0.0000088
k1=1.00000
GEWICHT=SPHAR10, MeanValue(GEWICHT)=0.176176
B1=ANISOLIN, MeanValue(B1)=0.000150742, sqrt3(det(B1))=0
k2=ANISO4, MeanValue(k2)=0.000000587341
Atomic positions for phase Quartz
---------------------------------------------
  3     0.4904  0.0000  0.3333     E=(SI(1.0000))
x=0.490+-0.042
TDS=0

  6     0.4276  0.2729  0.2170     E=(O(1.0000))
x=0.428+-0.032
y=0.2729+-0.0031
z=0.217+-0.080
TDS=0.010+-0.076

