Rietveld refinement to file(s) Qz_t05.xy
BGMN version 4.2.22, 3390 measured points, 27 peaks, 109 parameters
Start: Sun Feb  9 07:07:36 2025; End: Sun Feb  9 07:08:09 2025
97 iteration steps

Rp=13.37%  Rpb=22.83%  R=13.22%  Rwp=13.69% Rexp=12.14%
Durbin-Watson d=1.54
1-rho=1.96%

Global parameters and GOALs
****************************
QQuartz=1.00000
EPS2=0.0000146+-0.0000044

Local parameters and GOALs for phase Quartz
******************************************************
SpacegroupNo=152
HermannMauguin=P3_121
XrayDensity=2.647
Rphase=13.55%
UNIT=NM
A=0.4914581+-0.0000069
C=0.540639+-0.000012
k1=1.00000
GEWICHT=SPHAR10, MeanValue(GEWICHT)=0.0812979
B1=ANISOLIN, MeanValue(B1)=0.000284668, sqrt3(det(B1))=0
k2=ANISO4, MeanValue(k2)=0.000000509354
Atomic positions for phase Quartz
---------------------------------------------
  3     0.4852  0.0000  0.3333     E=(SI(1.0000))
x=0.485+-0.012
TDS=0

  6     0.4299  0.2707  0.2242     E=(O(1.0000))
x=0.4299+-0.0096
y=0.2707+-0.0067
z=0.2242+-0.0083
TDS=0.0085+-0.0060

